Genotype file computed: ./smmb_aco/toy_example/toy_dataset/genotypes_toy_dataset.txt
Phenotype file computed: ./smmb_aco/toy_example/toy_dataset/phenotypes_toy_dataset.txt

### Parameters used for this run: 
Number of iterations in ACO: 10
Maximal number of iterations allowed to learn one Markov blanket: 30
Number of ants: 50
Evaporation rate: 0.05
Lambda parameter from ACO-PDF update function: 0.1
Alpha, used to ajust the relative importance between pheromone rate and a priori knowledge: 1
Beta, used to ajust the relative importance between pheromone rate and a priori knowledge: 1
Alpha type I error rate: 0.05
Number of snps sampled in each ant: 10
Size of the smallest subset: 3
Prefix of output files: result_
Path of output directory: ./smmb_aco/toy_example/toy_results/
Number of consecutive runs of SMMB-ACO: 1
Value to initiate evaporation rates: 100
### End of parameters

### Backtrace of SMMB_ACO run ###
Iteration #0
Tau vector
[28](100,100,100,100,100,100,100,100,100,100,100,100,100,100,100,100,100,100,100,100,100,100,100,100,100,100,100,100)
Iteration #1
Tau vector
[28](113.37,116.685,125.536,97.4769,112.231,122.595,132.413,112.442,100.102,141.3,102.529,103.262,108.64,104.176,114.157,114.233,113.171,123.469,116.227,101.384,113.192,104.178,100.086,125.856,108.932,104.155,172.175,161.918)
Iteration #2
Tau vector
[28](121.397,118.367,139.087,92.6031,121.456,139.315,170.257,129.287,103.031,164.354,104.624,107.971,116.52,117.783,117.368,115.434,118.428,155.85,138.849,113.616,133.835,105.742,110.833,135.001,108.511,116.342,273.838,259.03)
Iteration #3
Tau vector
[28](133.745,128.252,149.022,93.3209,122.024,146.949,216.517,134.729,108.099,183.207,102.267,114.237,118.958,125.632,123.729,120.657,114.703,168.645,165.154,124.55,151.94,104.654,116.922,149.49,106.146,117.051,491.66,493.844)
Iteration #4
Tau vector
[28](131.919,129.413,150.94,95.6699,131.363,152.584,242.511,147.388,109.047,204.358,101.985,111.345,120.257,131.976,124.696,128.115,117.829,196.841,174.713,132.107,147.8,104.604,114.862,167.055,104.797,119.628,950.344,898.701)
Iteration #5
Tau vector
[28](126.644,122.943,154.559,94.1842,132.456,169.786,262.349,151.801,106.901,218.083,99.2606,108.963,117.74,131.955,125.213,132.646,129.176,229.896,177.015,128.504,143.956,104.414,120.277,176.739,103.638,117.183,1555.34,1437.39)
Iteration #6
Tau vector
[28](125.217,120.438,155.172,89.4749,131.135,172.137,291.175,152.654,101.556,238.373,99.0599,109.154,115.748,125.357,123.647,130.211,131.579,244.821,181.988,135.844,143.85,101.948,116.622,184.261,98.4558,115.234,2231.71,2083.41)
Iteration #7
Tau vector
[28](125.868,117.784,151.039,87.47,124.579,176.547,305.973,163.929,102.502,263.876,100.789,103.696,109.961,125.566,124.506,144.104,132.658,250.634,178.229,134.253,143.749,96.8507,118.667,179.091,96.3992,114.054,2852.42,2796.69)
Iteration #8
Tau vector
[28](125.015,111.895,147.854,83.0965,121.287,181.225,330.516,163.729,107.079,294.288,98.8091,101.331,104.463,126.905,125.259,139.857,130.456,257.4,183.938,134.309,143.462,92.0082,116.336,188.422,96.7253,111.401,3518.08,3484.06)
Iteration #9
Tau vector
[28](121.485,108.122,145.428,78.9416,118.048,180.834,358.707,163.288,108.337,302.021,96.9286,99.0836,103.341,125.052,130.812,138.224,128.364,268.899,180.082,134.769,136.289,87.4078,114.306,190.339,95.97,105.831,4224.62,4244.78)

# Result from SMMB-ACO 
# Pattern || Occurences || G2-score || p-value || unreliable case
{M0P7,M0P8} || 254 || 64.744194 || 4.87e-12 || 0
{N9,M0P8} || 3 || 41.084591 || 2.79e-07 || 0
{M0P8} || 49 || 25.260149 || 3.27e-06 || 0
{M0P7} || 78 || 23.079254 || 9.74e-06 || 0
{N0,N18} || 3 || 19.843737 || 2.95e-03 || 0
{N6,N17} || 2 || 18.021011 || 6.18e-03 || 1
{N4,N7} || 1 || 17.862349 || 6.59e-03 || 1
{N9} || 13 || 8.291620 || 1.58e-02 || 0
{N2,N15} || 2 || 13.636168 || 3.40e-02 || 0
{N6} || 21 || 6.601450 || 3.69e-02 || 0

# Time of execution: 4234 milliseconds
### SMMB_ACO has finished please see results in: 
./smmb_aco/toy_example/toy_results/result_genotypes_toy_dataset_smmb_aco.txt
Genotype file computed: ./data_simulated_from_class/gametes_datas/datas/repository/model1/model1_0_01p_0005h_005m/genotype_model1_0_01p_0005h_005m_001.csv
Phenotype file computed: ./data_simulated_from_class/gametes_datas/datas/repository/model1/model1_0_01p_0005h_005m/phenotype_model1_0_01p_0005h_005m_001.csv

### Parameters used for this run: 
Number of iterations in ACO: 10
Maximal number of iterations allowed to learn one Markov blanket: 30
Number of ants: 50
Evaporation rate: 0.05
Lambda parameter from ACO-PDF update function: 0.1
Alpha, used to ajust the relative importance between pheromone rate and a priori knowledge: 1
Beta, used to ajust the relative importance between pheromone rate and a priori knowledge: 1
Alpha type I error rate: 0.05
Number of snps sampled in each ant: 10
Size of the smallest subset: 3
Prefix of output files: result_
Path of output directory: ./smmb_aco/toy_example/toy_results/
Number of consecutive runs of SMMB-ACO: 1
Value to initiate evaporation rates: 100
### End of parameters

### Backtrace of SMMB_ACO run ###
Iteration #0
Tau vector
[100](100,100,100,100,100,100,100,100,100,100,100,100,100,100,100,100,100,100,100,100,100,100,100,100,100,100,100,100,100,100,100,100,100,100,100,100,100,100,100,100,100,100,100,100,100,100,100,100,100,100,100,100,100,100,100,100,100,100,100,100,100,100,100,100,100,100,100,100,100,100,100,100,100,100,100,100,100,100,100,100,100,100,100,100,100,100,100,100,100,100,100,100,100,100,100,100,100,100,100,100)
Iteration #1
Tau vector
[100](101.484,95,95,98.3607,102.951,102.152,99.2718,95,95,97.5296,99.9418,100.432,100.301,103.791,98.7162,102.979,104.277,102.553,99.0864,98.2747,108.514,104.299,105.613,100.587,107.105,112.194,115.979,95,97.3662,99.186,95,99.3913,99.4847,97.1552,95,100.104,96.6408,111.797,99.4061,95,103.622,98.3368,95,95,98.7031,109.007,98.7795,99.5563,95,95,95,95,95,102.943,101.535,99.7757,100.793,104.755,101.681,98.603,99.7109,99.0109,104.251,97.0674,99.4802,110.492,102.426,104.681,95,99.6545,95,98.0372,97.8478,97.6433,95,99.6585,98.0377,100.361,104.238,98.0434,98.4684,103.106,98.1226,101.043,100.986,99.9491,100.205,100.268,100.053,106.6,101.731,102.327,100.037,104.172,97.1982,96.1656,98.7564,96.8838,95,95)
Iteration #2
Tau vector
[100](105.708,90.25,97.2004,98.9004,108.34,97.0447,94.3082,95.323,91.9306,94.691,111.055,101.228,100.327,106.73,96.002,102.47,99.0633,102.01,96.1731,97.0281,106.056,104.298,103.424,95.5572,108.952,114.359,116.374,90.25,97.5406,95.4099,91.8625,106.873,99.3319,97.6749,95.2105,100.163,94.506,119.748,105.693,93.8928,98.4413,96.568,96.8694,97.3623,96.6161,119.03,93.8405,105.348,90.25,90.25,99.883,98.7489,93.8163,106.531,101.388,101.655,99.0284,99.5177,96.597,98.4013,94.7254,94.0603,107.314,95.9952,99.047,108.094,102.804,107.648,92.1929,100.183,99.6691,93.1353,103.924,94.2226,92.8541,98.5965,96.2929,98.2343,101.679,94.5693,95.7153,100.386,103.929,99.0631,98.2708,99.7897,95.1944,101.425,100.988,103.487,99.6212,97.2102,103.049,107.103,98.6201,93.4333,99.2818,100.741,99.0568,95.3934)
Iteration #3
Tau vector
[100](110.821,87.3187,94.169,101.94,109.809,102.095,94.6738,93.4253,91.8974,89.9564,110.974,99.8738,101.967,109.598,100.392,108.152,94.1101,96.9096,96.4587,92.1767,111.143,106.874,98.2531,102.469,106.829,115.496,129.512,85.7375,96.9878,94.5365,87.2694,101.529,97.4963,95.2415,94.896,99.2496,95.6826,132.413,111.695,96.5847,105.397,91.7396,92.0259,97.4338,97.6757,113.079,89.1485,100.081,93.29,85.7375,94.8889,97.8737,92.7971,106.799,101.542,105.557,100.604,98.3703,96.0917,93.4812,93.529,93.4102,106.838,94.3007,97.0295,107.141,97.6642,112.362,105.219,109.128,99.5268,94.4291,115.6,94.9007,95.8773,93.6667,94.6313,93.3226,96.5955,100.685,100.177,95.3664,104.524,101.058,97.114,114.728,93.9475,100.545,100.19,98.3122,98.5321,94.7915,102.275,108.699,93.6891,88.7616,98.7404,106.312,99.6619,101.028)
Iteration #4
Tau vector
[100](108.136,82.9527,102.845,101.477,107.108,96.9901,94.7195,91.8585,93.2822,91.8021,123.43,94.8801,96.8686,108.495,102.142,105.651,97.3904,92.0641,98.0522,91.6152,110.512,103.754,93.3404,112.748,105.898,118.649,128.014,81.4506,94.0707,93.465,88.5513,96.4525,105.83,92.434,93.0914,96.8022,92.9784,134.469,111.748,103.343,105.252,92.6981,88.9034,95.8302,98.7771,109.93,88.0767,97.9328,91.5589,86.077,90.1444,96.3373,88.1573,112.425,98.7043,100.28,97.238,93.4518,94.0487,90.7688,93.3927,88.7397,106.815,89.5857,96.5258,107.874,101.813,119.06,104.826,103.672,106.616,95.7402,116.3,92.2281,100.679,94.6412,89.8998,99.4849,94.8485,113.761,95.1683,92.2108,102.857,98.2599,96.746,127.011,89.2502,110.721,98.9667,97.0418,93.6055,98.4161,105.195,109.124,89.0047,84.3235,93.8034,105.454,110.583,103.867)
Iteration #5
Tau vector
[100](102.729,85.1148,102.579,100.45,104.657,108.523,101.907,92.4217,94.9075,90.5107,126.725,93.0699,107.778,111.93,101.486,109.355,101.084,87.4609,95.4708,90.6134,107.917,103.453,96.9149,114.144,116.289,128.477,126.351,81.1007,92.2718,88.7917,89.7479,91.6299,102.943,92.4573,88.4369,94.3916,93.1923,144.223,115.651,102.631,109.601,96.4906,88.1219,102.247,96.14,116.19,86.9124,95.6537,86.981,81.7731,85.6372,94.8039,83.7494,108.159,101.022,103.194,99.3958,88.7792,96.6458,91.0479,88.7231,84.3027,101.474,85.1064,92.377,113.663,116.048,126.464,99.5849,115.52,116.827,100.879,110.485,87.6167,99.249,93.7093,85.4048,100.546,91.7603,108.072,97.7198,92.7846,101.991,93.3469,99.8525,139.399,88.0704,110.416,97.634,94.3698,88.9252,96.202,99.9349,111.351,84.5544,82.5362,93.8999,101.858,105.053,105.908)
Iteration #6
Tau vector
[100](100.068,89.306,108.016,99.3355,103.558,111.362,101.875,91.4661,93.62,85.9852,124.794,88.4164,105.256,108.745,100.611,107.687,100.774,84.7164,91.6282,97.4517,104.011,103.373,95.0086,119.933,123.95,122.053,123.711,83.5534,90.3828,89.3524,86.4706,89.2062,97.796,91.212,95.3345,91.6825,90.2635,145.2,116.519,104.612,108.349,94.7875,83.7158,100.438,99.7181,122.973,88.1388,93.2803,85.2836,81.5459,81.3553,90.0638,79.5619,110.101,100.142,105.119,94.426,88.6886,109.354,93.1131,92.3188,85.3192,96.4001,83.9424,88.7976,110.956,122.53,128.239,101.846,119.754,114.719,98.9118,114.714,85.9892,97.6372,93.6653,81.1345,109.537,87.1723,108.482,98.2458,88.1453,96.8917,91.448,102.29,138.445,97.0972,111.658,93.7669,94.209,86.9117,98.7138,99.6744,110.868,86.9761,80.8762,100.577,100.926,99.8008,104.814)
Iteration #7
Tau vector
[100](95.065,86.9586,108.026,94.3688,106.551,111.231,108.257,90.4003,97.6524,87.8707,122.265,83.9956,107.29,112.825,101.275,110.919,99.4883,89.0776,88.0528,92.5791,107.713,98.2039,94.7169,128.552,122.381,121.358,132.466,87.521,85.8637,88.6663,84.3101,99.6721,98.4094,89.6592,90.5678,89.098,85.7503,154.465,112.822,101.877,106.429,101.11,81.5219,109.477,98.0891,120.109,91.8651,94.6853,83.3206,81.5541,77.2876,85.5606,75.5838,104.596,100.289,99.8631,91.8486,84.2541,111.539,97.6226,90.1883,84.5411,103.837,79.7453,84.3577,118.645,129.689,129.723,101.949,122.266,132.616,98.9542,113.511,81.6897,92.7554,88.9821,87.6853,106.446,82.8137,109.77,95.1822,87.5898,99.781,94.4099,100.966,158.664,97.1157,116.232,96.2542,89.4985,90.3304,101.368,94.6907,109.545,88.8543,80.1188,95.5481,95.8796,105.185,106.179)
Iteration #8
Tau vector
[100](98.6552,88.4119,107.041,96.4726,119.347,115.508,109.794,85.8803,92.7698,85.0987,127.219,85.2142,107.823,113.405,96.2115,108.375,94.5139,84.6237,83.6501,101.733,104.136,93.2937,92.8091,127.388,127.795,127.65,134.572,83.145,86.0772,90.0572,82.0321,96.8852,96.482,87.7347,95.9597,84.6431,87.6394,168.526,124.555,106.22,112.316,101.596,79.4267,107.173,93.1846,126.36,97.4798,89.951,82.2014,87.6478,73.4232,88.8673,71.8047,104.997,107.386,97.2518,89.9994,87.5584,109.211,92.7415,99.1245,87.0701,106.024,75.758,80.1398,116.215,123.205,138.505,96.8516,132.479,135.813,94.0065,117.571,78.8405,88.1176,88.2678,83.301,104.914,78.673,116.799,92.9385,83.2104,94.792,98.6077,95.9173,156.99,104.267,116.084,92.7618,87.4848,88.489,101.392,96.1292,110.713,100.792,78.2055,93.9361,98.5833,105.865,100.87)
Iteration #9
Tau vector
[100](95.4705,89.7506,106.756,96.8909,121.04,113.312,109.646,86.0905,90.2948,84.0571,134.32,86.4763,108.482,112.68,91.4009,102.957,93.0037,81.9714,79.4676,100.879,101.739,93.3697,89.3601,127.456,125.752,128.46,143.574,82.2164,84.7918,85.5544,77.9305,93.8491,97.1577,90.8638,91.1617,83.4311,87.3306,173.61,133.961,109.283,124.635,100.206,79.2685,105.233,90.5128,122.461,109.085,85.4535,83.4185,89.567,71.7084,86.2773,68.2144,104.233,108.592,94.9859,88.0974,83.1805,107.862,88.1044,103.389,82.7166,105.401,74.2754,79.2938,120.442,117.044,147.635,94.3458,129.236,145.333,89.3062,113.844,77.6387,92.693,88.6391,81.9162,105.263,81.6066,117.643,92.2568,89.3817,97.6165,99.3204,91.1214,166.989,99.054,120.661,94.6482,83.1105,84.0646,101.517,91.3227,112.582,95.7525,74.2953,96.0793,100.062,104.859,95.8263)

# Result from SMMB-ACO 
# Pattern || Occurences || G2-score || p-value || unreliable case
{N66,N87} || 1 || 27.434155 || 1.20e-04 || 1
{N23,N64} || 1 || 26.059908 || 2.17e-04 || 1
{N31,N85} || 2 || 24.513943 || 4.20e-04 || 0
{N11,N40} || 1 || 22.922760 || 8.23e-04 || 1
{N52,N92} || 1 || 22.864119 || 8.43e-04 || 3
{N6,N70} || 1 || 22.781509 || 8.73e-04 || 1
{N24,N26} || 2 || 21.617125 || 1.42e-03 || 0
{N31,N50} || 1 || 20.530396 || 2.23e-03 || 0
{N37,N97} || 2 || 19.742037 || 3.08e-03 || 1
{N37,N66} || 1 || 19.574759 || 3.30e-03 || 2
{N4,N67} || 1 || 19.487133 || 3.42e-03 || 0
{N20,N62} || 1 || 19.183916 || 3.86e-03 || 2
{N59,N70} || 2 || 19.123001 || 3.96e-03 || 2
{N40,N43} || 1 || 18.491199 || 5.12e-03 || 1
{N67,N70} || 1 || 18.488743 || 5.12e-03 || 2
{N70,N85} || 1 || 17.846054 || 6.63e-03 || 1
{N66} || 8 || 10.025871 || 6.65e-03 || 0
{N16,N74} || 1 || 17.633390 || 7.22e-03 || 0
{N4,N49} || 1 || 17.097973 || 8.93e-03 || 0
{N85} || 17 || 9.362867 || 9.27e-03 || 0
{N67,N77} || 2 || 16.823574 || 9.95e-03 || 0
{N23} || 11 || 8.934615 || 1.15e-02 || 0
{M0P1} || 10 || 8.566934 || 1.38e-02 || 1
{N22,N84} || 1 || 15.952930 || 1.40e-02 || 2
{N20,N83} || 1 || 15.414393 || 1.73e-02 || 3
{N65,N78} || 2 || 15.408892 || 1.73e-02 || 0
{N2,N10} || 1 || 15.094389 || 1.95e-02 || 1
{N53,N84} || 1 || 14.931669 || 2.08e-02 || 2
{N4,N38} || 1 || 14.621930 || 2.34e-02 || 1
{N32,N57} || 1 || 14.470637 || 2.48e-02 || 2
{N72,N91} || 1 || 14.451313 || 2.50e-02 || 1
{N87} || 6 || 7.310788 || 2.59e-02 || 0
{N46,N93} || 1 || 14.243877 || 2.70e-02 || 1
{N6} || 4 || 6.555047 || 3.77e-02 || 0
{N37} || 20 || 6.553962 || 3.77e-02 || 0
{N8,N29} || 1 || 12.994416 || 4.31e-02 || 1

# Time of execution: 13137 milliseconds
### SMMB_ACO has finished please see results in: 
./smmb_aco/toy_example/toy_results/result_genotype_model1_0_01p_0005h_005m_001_smmb_aco.txt
Genotype file computed: ./data_simulated_from_class/gametes_datas/datas/repository/model1/model1_3_01p_0005h_05m/genotype_model1_3_01p_0005h_05m_001.csv
Phenotype file computed: ./data_simulated_from_class/gametes_datas/datas/repository/model1/model1_3_01p_0005h_05m/phenotype_model1_3_01p_0005h_05m_001.csv

### Parameters used for this run: 
Number of iterations in ACO: 10
Maximal number of iterations allowed to learn one Markov blanket: 30
Number of ants: 50
Evaporation rate: 0.05
Lambda parameter from ACO-PDF update function: 0.1
Alpha, used to ajust the relative importance between pheromone rate and a priori knowledge: 1
Beta, used to ajust the relative importance between pheromone rate and a priori knowledge: 1
Alpha type I error rate: 0.05
Number of snps sampled in each ant: 10
Size of the smallest subset: 3
Prefix of output files: result_
Path of output directory: ./smmb_aco/toy_example/toy_results/
Number of consecutive runs of SMMB-ACO: 1
Value to initiate evaporation rates: 100
### End of parameters

### Backtrace of SMMB_ACO run ###
Iteration #0
Tau vector
[100](100,100,100,100,100,100,100,100,100,100,100,100,100,100,100,100,100,100,100,100,100,100,100,100,100,100,100,100,100,100,100,100,100,100,100,100,100,100,100,100,100,100,100,100,100,100,100,100,100,100,100,100,100,100,100,100,100,100,100,100,100,100,100,100,100,100,100,100,100,100,100,100,100,100,100,100,100,100,100,100,100,100,100,100,100,100,100,100,100,100,100,100,100,100,100,100,100,100,100,100)
Iteration #1
Tau vector
[100](106.575,96.8786,99.3221,97.0164,102.109,99.3105,95,100.933,99.1032,99.6735,101.545,95,103.935,96.4066,100.342,98.5136,100.06,95,104.008,98.9919,97.6264,98.5927,95,97.8123,97.8728,102.312,98.4469,101.346,95,101.365,96.5572,95,99.2154,103.997,95,101.144,110.238,105.371,103.164,101.504,98.4206,95,100.583,119.048,95,98.8713,99.2856,100.044,95,99.2442,100.917,95,98.3264,100.765,98.5627,97.3383,98.1178,102.117,98.8161,95,96.4482,96.8517,95,95,96.6338,98.8971,99.1015,101.134,95,102.621,95,99.8081,102.872,112.746,106.65,98.9409,96.2905,99.7198,95,109.035,95,96.3108,98.7166,95,103.208,98.7213,98.0385,103.188,100.314,101.53,102.776,110.924,99.5068,102.168,101.148,97.1302,100.853,98.9652,126.922,113.473)
Iteration #2
Tau vector
[100](113.701,97.7227,94.356,92.1655,99.0856,98.9049,92.1289,95.8865,98.4154,98.7358,99.1943,99.3546,100.452,105.344,95.3245,93.5879,103.296,92.4544,104.838,94.0423,95.5353,93.6631,92.3984,92.9217,96.4227,101.675,95.3981,105.692,90.25,98.0536,101.232,92.235,97.8929,108.833,95.9969,100.214,121.823,106.658,100.357,100.845,95.7301,90.25,97.7231,116.7,90.25,97.4932,100.794,97.6452,91.7485,97.4224,107.851,93.8678,100.624,104.377,95.4178,92.4714,100.808,99.0032,97.2491,101.688,93.6857,92.0091,97.4869,95.906,100.875,101.966,94.1464,99.1508,92.3945,100.446,94.3888,102.405,97.7283,115.318,101.317,102.152,98.758,99.093,96.7595,118.179,95.37,91.4953,104.973,90.25,99.7987,106.683,93.1366,108.174,105.802,96.4537,114.442,108.798,114.286,97.0595,96.0907,99.0087,95.8104,101.736,170.406,143.189)
Iteration #3
Tau vector
[100](117.414,105.206,89.6382,87.5573,97.5282,96.9827,90.7157,95.1577,95.3192,93.799,97.0705,101.137,95.4292,105.253,99.2487,91.9413,101.523,92.4789,99.5963,93.3765,97.7887,94.3442,90.1186,88.2756,106.167,101.468,92.7391,105.467,103.284,95.9357,96.17,91.2735,103.878,103.392,94.4122,98.4941,130.118,105.327,99.2113,103.626,95.1291,85.7375,92.837,121.476,95.1541,96.1745,105.586,95.6618,89.4773,96.8284,113.319,89.1744,97.8475,104.65,92.6162,95.3424,106.377,96.5821,92.3866,109.415,93.5039,87.4087,92.6125,96.4927,95.8312,104.364,89.4391,97.7723,91.7613,101.914,93.1677,106.642,92.8419,116.663,99.997,99.5604,93.8201,97.7186,100.697,117.524,92.506,86.9205,99.7247,90.4366,105.786,110.851,95.5044,102.765,100.512,100.116,122.013,103.358,116.382,95.3657,95.8959,96.4665,94.6925,107.576,272.534,224.551)
Iteration #4
Tau vector
[100](119.601,99.9456,87.6386,83.1794,96.5839,94.5573,92.4681,90.3998,92.0292,89.1091,98.0315,97.2368,92.8244,106.821,96.6274,93.0717,102.248,90.6004,97.3923,88.7077,92.8993,91.7849,85.6126,87.0518,105.645,100.836,97.0674,116.293,103.113,94.7346,99.8217,86.7098,98.6843,107.43,89.6916,102.521,131.821,113.527,96.2028,98.445,95.9039,86.638,90.9678,119,92.7958,94.9194,100.307,98.2793,87.1739,93.5795,113.059,84.7157,100.975,99.4179,87.9854,90.5753,105.495,94.1151,91.0692,107.038,95.5129,83.0382,87.9819,96.7712,100.814,111.934,84.9671,106.108,93.0291,102.208,98.1908,111.087,91.5738,120.648,100.33,103.181,93.4032,94.688,99.4564,124.748,95.7955,82.5745,94.7385,92.5782,107.015,109.392,93.6977,101.699,99.2539,97.9614,115.913,101.354,115.45,94.3038,100.622,93.3272,95.4823,114.826,403.307,283.017)
Iteration #5
Tau vector
[100](119.693,100.726,88.0845,79.0204,97.2356,96.009,94.5855,92.8903,92.237,84.6536,93.1299,92.3749,98.4349,104.167,99.267,88.4181,97.1353,91.984,94.6724,84.2723,88.2543,90.4068,84.6692,91.3837,108.49,98.9106,92.214,120.78,108.888,94.8016,105.608,82.3743,98.444,102.058,85.207,99.8012,125.23,113.207,99.2557,96.5382,91.1087,85.9486,91.6317,117.634,91.159,93.6121,96.4631,101.043,84.451,96.0353,124.001,82.2203,101.04,100.058,88.0304,86.0465,107.266,91.076,86.5157,101.686,90.7372,78.8863,92.3416,91.9326,99.7768,106.337,80.7188,100.803,90.8279,103.232,99.0018,112.814,95.3219,130.569,103.781,98.0223,88.733,95.7684,94.4836,140.986,91.0057,78.4458,96.1556,91.9744,103.709,105.635,94.3298,104.145,102.826,98.7066,119.599,96.286,118.898,91.2987,109.352,93.3149,90.7082,112.114,677.732,376.344)
Iteration #6
Tau vector
[100](125.52,95.6899,83.6803,77.8415,92.3738,96.6713,93.7415,88.2458,87.6252,83.7929,88.4734,87.7562,103.88,107.662,98.6196,86.3566,92.2785,94.1578,92.7142,82.2248,83.8416,89.5668,80.4358,88.9843,104.446,93.9651,92.3511,129.193,109.742,92.8287,108.729,78.2556,100.021,99.0682,87.2783,94.8111,123.259,110.711,94.2929,93.2658,88.8174,81.6512,98.2156,119.534,92.8759,100.184,91.64,101.411,87.3121,93.2266,129.067,78.1093,95.988,96.6048,83.6289,87.1468,106.684,89.5036,89.2894,103.562,91.6446,74.942,87.7245,87.336,94.788,113.308,81.2864,99.0064,88.347,98.0708,102.454,110.79,92.4232,140.902,102.091,96.4969,94.5274,90.98,94.9864,138.42,89.6697,74.5235,91.3478,90.5687,98.5238,101.912,89.6133,98.9378,116.508,96.8632,127.441,94.4302,117.283,86.7338,107.029,88.6491,88.1738,106.508,947.327,604.277)
Iteration #7
Tau vector
[100](127.623,90.9054,85.8008,75.5223,92.6217,94.7101,89.0544,90.3074,83.2439,85.1501,86.3043,83.3684,105.45,112.755,97.5763,82.0388,91.0015,91.8118,91.1819,80.4996,79.6495,94.2068,86.4995,95.3196,106.464,92.0757,90.1045,130.674,110.12,88.1873,113.642,77.9609,96.8486,98.8562,82.9144,94.3991,130.001,111.59,89.5783,88.6025,87.2538,77.5686,93.3048,123.433,88.2321,95.175,92.3844,104.543,82.9465,90.9863,139.492,76.5275,93.8949,96.0952,81.5681,90.4474,104.607,88.6145,84.825,101.545,89.7626,71.1949,83.3382,85.7625,95.1633,111.293,78.3296,94.0561,87.3047,99.3494,101.538,105.25,92.3411,142.173,99.925,93.9281,93.2827,86.431,101.838,141.001,85.1862,70.7973,94.7142,86.0402,96.845,107.12,88.7383,93.9909,110.683,98.3623,126.401,89.7086,115.321,90.607,106.428,84.2167,83.7651,104.983,1279.5,809.233)
Iteration #8
Tau vector
[100](128.572,86.3601,89.4969,73.6883,90.7018,92.3781,86.2718,85.792,79.0817,80.8926,81.9891,81.6249,103.354,111.9,92.6975,77.9368,88.5542,87.2212,91.4391,78.5728,82.8826,89.4964,82.1745,93.4847,105.085,87.4719,85.5993,131.469,104.614,83.7779,109.977,76.7384,92.0061,97.1771,84.5332,92.0514,132.154,106.011,90.3451,86.5829,89.484,73.6902,91.3645,117.262,83.8205,92.1074,89.707,99.3158,84.9014,92.3839,151.045,74.3488,94.854,94.0925,77.4897,85.925,106.344,84.1837,80.5837,104.823,85.2744,69.4423,86.3344,89.8593,90.4051,108.902,76.6951,89.3533,86.6312,99.7265,102.028,99.9879,90.465,137.717,107.656,89.2317,88.6185,83.7811,100.346,149.463,83.3124,67.2574,89.9785,81.7382,92.0028,108.456,86.8826,94.0766,110.385,93.4442,120.081,85.2232,119.828,86.0767,101.106,82.4285,86.832,99.7335,1797.98,1226.18)
Iteration #9
Tau vector
[100](129.835,82.0421,90.2184,70.0038,88.1513,87.7592,81.9582,81.5024,75.1276,79.4267,77.8896,85.4546,103.366,112.489,88.0626,79.6351,85.615,85.9302,90.7108,77.1088,94.9789,85.0216,78.0658,95.3029,99.8312,86.4335,86.1748,134.685,99.3833,79.589,104.479,72.9015,87.4058,94.4309,80.3065,87.4488,130.018,105.112,85.8278,84.4251,85.0098,70.0057,91.3573,114.804,82.7367,91.9299,85.2217,98.9943,80.6564,87.7647,149.05,70.6313,90.1113,93.6908,73.6152,85.016,101.027,82.1357,84.1577,99.5821,81.0107,67.4148,82.0176,89.863,90.7375,103.457,72.8604,84.8856,82.2996,100.638,101.333,94.9885,90.8955,133.857,104.851,90.2281,85.9929,79.592,95.329,146.385,79.1467,63.8946,85.4796,77.6513,89.4354,112.082,82.5385,92.0537,110.139,92.1298,123.53,80.962,118.303,81.7729,96.051,81.6251,87.3671,99.2623,2346.61,1807.31)

# Result from SMMB-ACO 
# Pattern || Occurences || G2-score || p-value || unreliable case
{N63,M0P8} || 1 || 52.562893 || 1.44e-09 || 1
{M0P8} || 127 || 38.183403 || 5.11e-09 || 0
{N47,M0P7} || 3 || 49.083588 || 7.17e-09 || 0
{M0P7,M0P8} || 13 || 47.897202 || 1.24e-08 || 0
{M0P7} || 108 || 34.239197 || 3.67e-08 || 0
{N62,M0P7} || 1 || 42.983425 || 1.18e-07 || 1
{N62} || 1 || 10.711946 || 4.72e-03 || 0
{N92,N97} || 1 || 17.914524 || 6.45e-03 || 0
{N37,N90} || 1 || 17.864862 || 6.58e-03 || 1
{N13,N85} || 1 || 16.853853 || 9.84e-03 || 3
{N73,N94} || 1 || 15.667302 || 1.57e-02 || 0
{N50,N58} || 1 || 15.559040 || 1.63e-02 || 2
{N1,N39} || 1 || 15.478952 || 1.68e-02 || 1
{N59,N69} || 1 || 14.806723 || 2.18e-02 || 1
{N23,N85} || 1 || 14.680719 || 2.29e-02 || 1
{N0,N1} || 1 || 14.679667 || 2.29e-02 || 0
{N59,N97} || 1 || 14.531265 || 2.42e-02 || 1
{N8,N73} || 1 || 14.530389 || 2.42e-02 || 0
{N73,N92} || 1 || 14.254125 || 2.69e-02 || 0
{N28} || 5 || 7.107375 || 2.86e-02 || 0
{N50} || 6 || 7.043231 || 2.96e-02 || 0
{N74,N93} || 1 || 13.336964 || 3.80e-02 || 1
{N91,N93} || 1 || 13.171764 || 4.04e-02 || 1
{N26,N70} || 1 || 13.151709 || 4.07e-02 || 1

# Time of execution: 14049 milliseconds
### SMMB_ACO has finished please see results in: 
./smmb_aco/toy_example/toy_results/result_genotype_model1_3_01p_0005h_05m_001_smmb_aco.txt
Genotype file computed: ./data_simulated_from_class/gametes_datas/datas/repository/model1/model1_3_01p_0005h_05m/genotype_model1_3_01p_0005h_05m_001.csv
Phenotype file computed: ./data_simulated_from_class/gametes_datas/datas/repository/model1/model1_3_01p_0005h_05m/phenotype_model1_3_01p_0005h_05m_001.csv

### Parameters used for this run: 
Number of iterations in ACO: 10
Maximal number of iterations allowed to learn one Markov blanket: 30
Number of ants: 50
Evaporation rate: 0.05
Lambda parameter from ACO-PDF update function: 0.1
Alpha, used to ajust the relative importance between pheromone rate and a priori knowledge: 1
Beta, used to ajust the relative importance between pheromone rate and a priori knowledge: 1
Alpha type I error rate: 0.05
Number of snps sampled in each ant: 10
Size of the smallest subset: 3
Prefix of output files: result_
Path of output directory: ./smmb_aco/toy_example/toy_results/
Number of consecutive runs of SMMB-ACO: 1
Value to initiate evaporation rates: 100
### End of parameters

### Backtrace of SMMB_ACO run ###
Iteration #0
Tau vector
[100](100,100,100,100,100,100,100,100,100,100,100,100,100,100,100,100,100,100,100,100,100,100,100,100,100,100,100,100,100,100,100,100,100,100,100,100,100,100,100,100,100,100,100,100,100,100,100,100,100,100,100,100,100,100,100,100,100,100,100,100,100,100,100,100,100,100,100,100,100,100,100,100,100,100,100,100,100,100,100,100,100,100,100,100,100,100,100,100,100,100,100,100,100,100,100,100,100,100,100,100)
Iteration #1
Tau vector
[100](101.576,104.581,107.612,106.719,104.695,103.103,95,102.692,103.235,104.289,95,95,114.467,95,95,98.0252,101.578,106.978,97.0368,103.503,103.781,102.258,100.899,97.7032,95,104.002,104.347,102.027,132.306,97.1869,95,97.7785,95,104.924,99.3533,99.7366,95,106.438,99.4437,95,99.5713,98.5673,99.256,98.4639,100.758,100.329,100.314,98.3532,96.3852,100.435,105.929,98.4142,100.402,96.7197,98.027,95,97.2027,98.7419,99.0783,102.791,101.385,97.9341,100.541,95,98.0246,99.4969,95,95,95,98.4379,95,105.12,95,103.116,97.9336,95,96.7726,95,98.0546,99.9154,98.516,95,98.4762,105.282,98.2177,96.3259,95,116.077,98.2661,100.386,104.842,95,100.102,98.1751,102.885,96.6748,95,100.615,127.397,112.76)
Iteration #2
Tau vector
[100](99.0482,108.479,108.001,105.197,103.954,104.382,92.6495,108.374,98.0728,102.661,95.2066,92.4575,114.226,102.097,93.7017,93.1239,101.669,105.345,94.8416,103.879,104.328,109.12,98.3299,101.294,95.564,98.8015,103.816,107.543,132.369,101.783,90.25,104.333,97.6004,107.663,97.0083,94.7498,99.3178,104.382,105.457,90.25,99.1715,95.4831,94.2932,106.398,98.8086,96.7629,95.2983,96.9052,95.4362,100.633,111.047,102.292,100.486,93.9688,93.1256,92.8396,94.5302,99.5828,94.1244,97.6512,101.572,95.3922,107.923,94.9545,101.407,94.5221,91.9828,94.3113,90.25,107.199,93.8054,110.641,92.5133,106.571,99.4673,90.25,91.934,91.7965,106.655,98.9389,98.8248,95.251,93.5524,100.018,99.4909,94.2781,100.984,131.214,101.897,100.372,103.889,90.25,110.801,99.9583,99.6337,91.8411,94.8407,98.6211,137.524,142.274)
Iteration #3
Tau vector
[100](94.0958,110.875,112.934,112.286,106.273,116.509,88.017,113.376,93.1692,97.5277,93.5949,87.8346,108.515,105.544,89.0166,91.0888,96.5856,102.683,90.0995,100.253,105.124,120.349,93.4134,99.5443,98.0999,97.2809,101.146,106.451,140.418,99.3412,87.5419,104.792,95.251,104.144,92.1578,94.5678,94.3519,109.386,107.018,85.7375,97.8054,99.2932,91.5487,118.338,103.551,100.054,96.7643,98.1481,100.598,95.6015,118.776,102.139,95.4618,91.9419,94.1633,103.056,93.0731,94.6037,89.4181,92.7687,101.243,90.6226,111.099,92.6677,99.1989,93.4867,92.0002,89.5957,89.3932,104.979,92.3372,108.392,99.6046,121.03,111.311,89.1724,87.3373,87.2067,107.116,98.2901,96.1524,90.4884,88.8748,97.7026,94.5163,95.0703,95.9351,132.583,107.482,97.5594,102.507,90.6799,109.219,102.828,108.209,90.942,94.83,99.2031,180.936,241.856)
Iteration #4
Tau vector
[100](101.127,107.441,112.894,113.862,104.638,112.869,92.8978,107.707,95.9426,96.4786,91.8082,85.8281,115.534,111.021,86.884,86.5343,100.366,102.653,85.5946,95.24,102.29,123.024,88.7428,97.6901,97.8273,92.4169,96.0885,105.366,142.557,96.0176,83.1648,99.5523,95.8858,98.9368,95.739,89.8394,98.4224,103.917,101.667,83.2995,95.0615,109.593,89.7574,118.496,109.332,95.0516,91.9261,93.2407,107.605,93.146,147.908,101.805,96.589,87.3448,90.9915,100.608,91.3244,89.8735,90.0699,91.4657,96.1806,90.7305,118.921,92.2094,98.8009,100.643,87.4002,85.1159,90.7177,102.855,91.4253,110.331,99.4745,137.369,111.269,89.6546,85.9708,84.5351,101.76,104.149,95.2797,92.043,90.1895,96.7788,92.507,92.196,91.1384,132.384,102.107,101.268,104.502,89.7859,114.785,100.693,105.362,106.239,97.0757,94.243,221.029,371.099)
Iteration #5
Tau vector
[100](103.624,104.489,107.249,120.338,99.4063,107.225,89.9231,109.081,91.1455,96.6578,94.8052,94.9668,111.327,110.024,87.8346,87.177,95.348,103.039,81.3148,92.5225,99.4487,118.987,84.3056,95.1838,98.3844,101.764,92.46,103.082,143.308,91.2167,88.2189,103.128,101.249,96.5392,94.1353,90.996,93.5013,98.7211,96.5834,82.7517,92.885,105.282,87.5884,116.483,107.485,97.0012,87.3298,93.0054,104.853,94.1691,156.486,100.372,94.4851,82.9776,88.7373,97.6663,97.1221,89.4942,93.0601,90.3865,91.3716,86.194,127.689,93.8593,98.7788,98.4312,83.0302,88.602,88.8243,109.851,90.9823,109.005,103.904,137.521,108.284,87.2352,84.053,85.6716,107.748,104.816,90.5157,90.3914,85.68,91.9398,94.4409,91.0088,86.5815,128.19,105.154,99.4957,104.298,89.9066,116.001,95.6587,100.094,103.803,96.231,89.5308,384.363,513.205)
Iteration #6
Tau vector
[100](102.422,101.984,114.234,124.158,94.436,103.203,91.6223,117.747,89.646,100.401,90.0649,90.2185,108.748,106.187,83.4428,85.1827,95.5236,100.645,83.5349,89.8856,94.4762,124.778,88.9868,95.9405,97.4793,100.832,87.837,101.946,151.704,94.4941,83.808,100.293,113.754,98.9778,95.404,90.3562,88.8262,103.768,95.6697,78.6141,93.0525,100.018,83.209,115.496,104.936,92.1512,87.2143,91.3285,101.063,93.4825,148.662,98.7542,89.7609,78.8287,84.3004,100.804,100.109,87.7629,91.6141,88.2358,88.9408,81.8843,121.304,89.1663,96.9846,102.31,81.7311,84.1719,84.3831,115.406,90.2002,108.153,98.7091,134.41,107.563,82.8735,79.8503,84.6523,106.275,118.679,85.9899,85.8718,85.7246,87.3428,89.7188,86.4583,88.5844,131.041,103.45,94.521,103.147,88.25,110.201,97.1756,104.793,101.791,104.315,98.6512,544.392,803.143)
Iteration #7
Tau vector
[100](97.3011,98.6418,112.386,131.539,89.7142,100.955,87.0411,115.47,90.8822,95.3805,85.5617,94.4289,114.114,104.845,86.2181,87.774,93.9815,95.6124,85.5931,89.253,95.4069,122.901,93.556,91.1435,92.6053,103.527,91.0497,100.277,148.603,89.7694,79.6176,95.2786,120.699,101.269,90.6338,87.8715,88.4322,106.797,93.6549,74.6834,88.3999,103.098,82.1132,118.092,103.068,87.5436,82.8536,95.2872,102.578,91.1377,156.364,93.8165,88.7281,79.3156,80.0854,106.865,98.2357,83.3748,93.4693,87.4051,93.9194,81.1746,136.877,84.708,96.9886,97.1947,79.4058,82.9699,83.1833,113.762,90.6388,107.303,97.2897,127.69,104.226,83.0755,80.181,86.2828,100.961,112.745,85.0958,84.6509,83.9929,82.9757,89.0238,82.1354,84.1552,129.1,103.454,89.7949,100.406,90.2868,119.698,97.8081,104.235,103.63,102.542,93.7186,750.773,1099.79)
Iteration #8
Tau vector
[100](92.436,93.7098,114.265,124.962,85.2285,107.946,86.5175,109.697,86.3381,93.6125,84.9918,93.6877,108.408,99.6023,91.0033,83.3853,92.7818,94.3463,83.9247,87.4094,90.6366,121.838,94.3157,90.0729,92.7685,101.466,86.4972,99.4658,152.068,87.9884,75.6367,90.5147,119.902,104.689,94.1567,89.3312,84.0106,109.547,96.0412,70.9492,85.4584,103.69,83.4604,116.095,99.8093,83.1664,78.7109,107.505,100.654,86.5808,165.427,92.6745,86.0573,75.3498,80.2633,108.113,93.3239,81.3802,97.3253,86.0706,96.2643,80.0991,135.805,80.4726,94.7801,92.335,75.4355,78.8214,79.0241,111.269,86.1069,114.988,95.6927,129.368,102.182,83.2751,76.172,84.1438,103.927,113.887,80.841,84.8268,79.7933,82.0436,88.1535,81.2428,82.3663,129.906,103.078,97.8953,103.421,85.7725,122.722,92.9177,109.422,105.509,103.017,94.2916,950.117,1458.56)
Iteration #9
Tau vector
[100](87.8142,92.9651,110.218,130.806,80.9671,102.548,82.1916,106.415,87.493,91.7356,80.7422,89.0033,106.216,96.8525,89.4068,79.216,89.8145,96.2819,82.4315,83.0389,86.1047,118.016,99.7997,85.5693,93.0779,96.393,89.6116,94.4925,163.803,83.589,74.0988,85.9889,119.495,102.62,89.4489,84.8647,79.8101,120.413,91.2391,68.9408,81.1854,98.5059,80.7408,113.443,94.8189,79.0081,74.7753,107.716,98.3876,87.1629,166.49,93.6182,81.7544,71.5823,76.2502,102.707,88.6577,77.3112,92.459,81.767,93.7246,78.1136,135.806,81.0986,92.3467,87.7182,74.1327,74.8804,78.4753,108.444,90.9241,122.317,93.4295,131.174,102.956,83.1026,72.3634,79.9366,98.7307,112.53,76.7989,82.3835,75.8036,80.6729,86.1278,84.4938,78.248,123.411,104.204,96.1165,102.312,81.4838,132.339,88.2718,103.951,103.587,100.32,92.4766,1318.98,2040.63)

# Result from SMMB-ACO 
# Pattern || Occurences || G2-score || p-value || unreliable case
{N63,M0P8} || 2 || 52.562893 || 1.44e-09 || 1
{N62,M0P7,M0P8} || 1 || 66.152115 || 1.67e-09 || 3
{N10,M0P8} || 2 || 51.247639 || 2.64e-09 || 0
{N79,M0P8} || 4 || 49.854050 || 5.03e-09 || 0
{M0P8} || 148 || 38.183403 || 5.11e-09 || 0
{N62,M0P8} || 3 || 48.834522 || 8.05e-09 || 1
{M0P7,M0P8} || 7 || 47.897202 || 1.24e-08 || 0
{N11,M0P7} || 1 || 46.310490 || 2.57e-08 || 0
{M0P7} || 55 || 34.239197 || 3.67e-08 || 0
{N69,N94} || 1 || 23.331718 || 6.93e-04 || 0
{N62,N88} || 1 || 20.341007 || 2.41e-03 || 2
{N62} || 10 || 10.711946 || 4.72e-03 || 0
{N29,N96} || 1 || 17.030678 || 9.17e-03 || 0
{N28,N78} || 1 || 16.881783 || 9.73e-03 || 2
{N1,N17} || 1 || 16.522247 || 1.12e-02 || 1
{N47,N55} || 1 || 16.285793 || 1.23e-02 || 3
{N16,N27} || 2 || 15.903057 || 1.43e-02 || 0
{N71,N82} || 1 || 15.579943 || 1.62e-02 || 0
{N43,N94} || 1 || 15.332010 || 1.78e-02 || 0
{N31,N51} || 1 || 15.000834 || 2.03e-02 || 1
{N5,N83} || 1 || 14.617483 || 2.34e-02 || 1
{N5,N60} || 1 || 14.530540 || 2.42e-02 || 0
{N28} || 16 || 7.107375 || 2.86e-02 || 0
{N50} || 9 || 7.043231 || 2.96e-02 || 0

# Time of execution: 13704 milliseconds
### SMMB_ACO has finished please see results in: 
./smmb_aco/toy_example/toy_results/result_genotype_model1_3_01p_0005h_05m_001_smmb_aco.txt
Genotype file computed: ./data_simulated_from_class/gametes_datas/datas/repository/model1/model1_2_01p_0005h_02m/genotype_model1_2_01p_0005h_02m_001.csv
Phenotype file computed: ./data_simulated_from_class/gametes_datas/datas/repository/model1/model1_2_01p_0005h_02m/phenotype_model1_2_01p_0005h_02m_001.csv

### Parameters used for this run: 
Number of iterations in ACO: 10
Maximal number of iterations allowed to learn one Markov blanket: 30
Number of ants: 50
Evaporation rate: 0.05
Lambda parameter from ACO-PDF update function: 0.1
Alpha, used to ajust the relative importance between pheromone rate and a priori knowledge: 1
Beta, used to ajust the relative importance between pheromone rate and a priori knowledge: 1
Alpha type I error rate: 0.05
Number of snps sampled in each ant: 10
Size of the smallest subset: 3
Prefix of output files: result_
Path of output directory: ./smmb_aco/toy_example/toy_results/
Number of consecutive runs of SMMB-ACO: 1
Value to initiate evaporation rates: 100
### End of parameters

### Backtrace of SMMB_ACO run ###
Iteration #0
Tau vector
[100](100,100,100,100,100,100,100,100,100,100,100,100,100,100,100,100,100,100,100,100,100,100,100,100,100,100,100,100,100,100,100,100,100,100,100,100,100,100,100,100,100,100,100,100,100,100,100,100,100,100,100,100,100,100,100,100,100,100,100,100,100,100,100,100,100,100,100,100,100,100,100,100,100,100,100,100,100,100,100,100,100,100,100,100,100,100,100,100,100,100,100,100,100,100,100,100,100,100,100,100)
Iteration #1
Tau vector
[100](95,95,98.8261,105.92,95,98.4673,97.1411,97.943,107.113,104.812,95,99.7262,97.2335,102.305,98.2445,99.6327,95,97.2477,101.639,99.5022,97.7536,107.891,99.8922,103.161,98.2278,99.8832,101.606,99.5275,100.92,110.971,99.7749,102.62,102.354,98.5231,99.675,95,104.24,95,108.562,98.944,105.096,101.278,95,95,98.2455,98.7121,95,100.524,104.685,97.588,104.852,112.243,100.727,99.3304,100.639,100.125,100.323,99.6521,97.4359,95,96.4112,95,103.897,101.624,101.94,105.69,98.2935,95,104.795,103.196,95,95,99.9851,101.09,95,95,99.7543,95,99.0727,108.389,101.326,100.446,95,95,102.314,97.7999,97.3117,98.1833,112.077,99.1772,96.8831,95,114.124,97.2037,101.349,105.336,102.787,104.346,103.359,95)
Iteration #2
Tau vector
[100](90.25,111.514,98.9201,103.211,96.498,103.209,92.284,93.0458,107.85,103.61,90.25,98.4002,92.3718,100.265,93.3323,102.527,94.3649,95.1527,98.6083,94.5271,95.135,105.955,97.2336,100.449,101.314,94.889,102.862,101.029,100.035,117.588,96.1894,105.792,97.2359,97.1222,97.0044,90.25,102.338,95.1489,112.944,93.9968,104.108,98.1391,90.25,99.3657,93.3332,97.1888,90.25,115.302,104.974,94.9052,107.256,114.703,100.275,97.0876,105.205,103.61,99.9908,98.3565,92.5641,90.25,96.1637,96.7021,101.521,99.8586,104.823,113.215,96.193,96.5638,108.818,106.37,94.4882,98.5436,102.806,107.86,93.0264,100.847,100.954,93.986,97.3564,108.382,103.388,100.659,103.265,93.3421,102.003,97.2752,100.899,96.914,124.57,95.7884,103.444,90.25,108.417,92.3435,96.2816,102.901,97.6473,109.394,98.1908,90.25)
Iteration #3
Tau vector
[100](93.6477,110.709,96.276,100.305,95.0786,103.911,96.4623,92.2818,113.197,98.4295,85.7375,101,87.7532,105.131,94.3617,99.823,100.897,90.3951,93.6779,89.8007,99.0924,103.538,95.0795,98.9166,99.2968,93.0462,99.4855,95.9779,95.0331,119.617,94.5174,108.933,96.3471,100.355,99.9255,85.7375,98.656,97.4313,113.535,92.4834,101.853,103.8,85.7375,101.931,94.6145,92.3293,91.6091,123.267,99.725,95.9651,113.353,117.101,97.4551,101.183,102.972,107.256,94.9912,116.693,87.9359,85.7375,91.3555,101.835,99.8237,108.01,107.25,115.25,100.912,91.7356,107.585,113.447,98.5379,101.285,97.6653,102.467,88.375,100.077,95.9066,103.67,101.548,102.963,100.489,105.732,103.304,95.7753,96.9028,98.1451,97.8542,95.363,123.329,100.896,98.2721,85.7375,110.651,91.9901,91.4675,112.123,96.3726,107.421,103.901,106.517)
Iteration #4
Tau vector
[100](93.2481,111.198,96.3767,101.087,93.9091,101.871,96.7741,95.8327,123.283,93.508,95.9845,104.722,83.3655,104.643,92.4125,94.8319,100.604,93.589,96.7878,90.5763,96.034,98.3613,90.3256,109.29,97.7242,98.6205,101.389,100.944,97.4651,121.31,92.2248,109.947,93.2051,97.5408,107.018,88.9283,98.8419,97.1797,124.687,87.8593,96.7606,98.6101,81.4506,96.8349,94.514,91.9414,91.6388,126.192,113.578,102.044,122.206,117.171,94.7922,99.4913,103.611,103.015,96.4104,119.246,91.3302,81.4506,93.8468,96.7434,94.8325,106.488,109.292,116.384,101.356,89.8578,102.206,112.339,98.3661,100.127,94.465,97.3436,89.1677,99.796,91.1113,103.31,113.302,103.976,95.4646,103.05,101.074,90.9865,92.0577,93.2378,92.9615,93.9156,126.237,103.102,95.6734,81.4506,129.182,87.3906,86.8942,110.92,110.056,106.407,115.582,119.645)
Iteration #5
Tau vector
[100](92.4302,112.109,93.2578,104.474,96.2643,96.7776,94.4098,95.0325,131.404,94.5923,104.304,99.4859,79.1973,117.905,89.3197,95.3329,105.339,88.9095,100.135,89.9167,91.2323,93.4432,90.8611,116.358,92.8379,97.6208,106.224,100.89,99.1394,130.65,87.6136,119.195,93.6141,92.6637,106.25,93.35,93.8998,99.825,131.631,86.6724,99.319,111.831,81.6499,99.5837,96.415,89.7551,91.2113,119.882,107.899,99.1001,116.095,134.18,91.5991,98.8104,105.914,104.882,91.5898,127.939,89.9472,87.7102,94.2366,91.9062,90.0909,101.164,108.456,114.5,106.853,88.9233,105.839,109.778,95.1947,99.4172,89.7417,96.0955,84.7093,101.525,100.621,100.077,119.635,98.7772,92.7101,101.911,100.344,92.9891,88.925,88.5759,94.4427,89.2198,135.994,106.347,97.2073,81.7916,143.056,83.0211,86.7423,105.374,114.798,103.849,118.118,136.467)
Iteration #6
Tau vector
[100](95.0382,113.358,88.5949,105.86,96.9098,96.2102,92.0445,95.8911,148.735,92.5735,105.251,99.0393,75.2374,128.537,84.8537,92.8081,100.072,88.7334,98.2864,88.8184,88.7119,90.685,86.318,118.243,88.196,99.4442,106.943,103.534,94.1824,129.236,83.2329,120.924,92.2376,94.6955,110.507,95.0349,89.2048,94.8337,133.248,86.0795,95.9575,109.556,84.4581,97.6947,94.4528,87.0758,86.6507,117.417,117.968,102.043,114.471,146.461,90.9111,97.0695,107.35,99.6378,87.0103,129.419,92.0923,91.6136,93.4898,93.357,88.8435,108.412,109.324,117.687,101.51,88.3544,104.649,104.289,90.435,94.4463,85.2546,91.2907,88.9543,102.374,97.8232,96.4851,121.304,99.6351,102.313,106.198,95.3266,88.3396,86.9238,86.2803,92.2463,84.7588,153.26,111.164,94.5001,88.5695,142.485,78.87,82.4052,110.417,112.993,103.374,146.333,136.15)
Iteration #7
Tau vector
[100](90.2863,119.36,86.4874,100.567,94.6447,91.3997,87.4423,96.9672,150.579,87.9448,104.106,110.214,75.5328,143.491,87.0982,88.1676,101.099,87.8886,95.5482,84.3775,84.2763,94.3704,85.6242,115.583,83.7862,98.0118,101.596,108.052,92.4437,135.624,81.6591,114.877,92.514,91.3917,115.305,106.179,87.7804,96.8883,131.414,84.727,98.6777,107.493,84.6919,92.81,92.6073,89.455,86.5084,126.997,115.243,96.9405,116.194,160.564,92.3089,102.508,110.753,97.6547,82.6598,122.948,97.7755,88.9843,91.1473,88.6892,84.4013,114.346,105.751,133.8,99.7772,89.9471,107.728,102.051,89.1856,91.4379,80.9919,89.3889,84.5066,120.317,98.4995,91.6609,115.239,101.898,107.217,100.888,97.4901,83.9226,83.9782,84.4531,87.634,88.3637,158.283,105.606,89.7751,88.0897,143.292,81.1418,83.9654,110.039,114.574,98.2055,156.011,153.94)
Iteration #8
Tau vector
[100](86.7468,123.602,83.997,100.272,101.805,92.9726,88.2772,92.1189,149.921,83.5476,110.26,108.329,77.7873,150.907,96.7217,83.7593,96.0438,87.9942,90.7708,80.1586,82.2973,93.013,91.4192,112.393,82.3352,99.2032,103.127,113.077,90.5037,133.376,77.5762,109.134,87.8883,86.8221,113.267,109.11,85.1133,95.8191,127.548,91.2356,95.051,106.989,84.151,88.1695,95.6624,87.9776,84.322,128.709,109.481,92.0935,122.908,160.383,92.1803,97.3826,116.021,100.861,78.5268,122.048,98.7909,84.5351,90.129,99.5333,80.1813,119.595,103.071,132.618,103.295,90.1551,115.728,103.671,91.9996,89.9637,86.5495,84.9195,84.3028,137.269,95.9647,91.366,114.162,96.8027,101.856,104.105,95.3167,79.7265,80.7634,83.0621,85.6216,83.9455,167.874,105.561,88.4756,86.5936,155.297,81.3661,83.4989,109.566,111.451,99.7351,175.481,146.243)
Iteration #9
Tau vector
[100](85.5065,128.932,79.7972,99.4302,102.101,90.1272,92.2091,94.8424,144.595,82.468,112.604,110.356,73.8979,160.798,91.8856,79.5713,99.0839,85.9693,86.2322,76.1507,78.1825,88.3623,86.8482,109.355,90.8161,98.6813,111.876,111.312,89.2991,135.08,77.7923,115.201,95.7934,84.9909,111.885,108.172,80.8576,94.0482,123.831,95.6798,92.3593,113.391,86.7008,86.7356,97.1203,83.5787,84.2284,122.273,114.908,91.3492,122.474,155.76,90.1484,98.6475,112.59,95.818,78.0835,124.445,101.694,88.161,89.7829,102.757,79.49,122.871,97.9176,133.452,98.1303,85.6474,114.449,102.267,87.3997,87.4433,82.2221,85.5174,87.3138,150.371,103.144,89.8191,108.454,95.0774,96.7634,101.805,96.8336,75.7402,82.2987,82.6443,82.3362,83.2659,173.602,102.163,84.0518,82.2639,158.469,86.207,82.8754,117.104,112.228,97.715,176.585,161.923)

# Result from SMMB-ACO 
# Pattern || Occurences || G2-score || p-value || unreliable case
{N89,M0P6} || 1 || 26.843349 || 1.55e-04 || 1
{M0P5} || 18 || 16.487019 || 2.63e-04 || 0
{N47,N57} || 1 || 23.828375 || 5.62e-04 || 1
{N61,M0P6} || 1 || 21.998314 || 1.21e-03 || 1
{M0P6} || 14 || 13.296162 || 1.30e-03 || 0
{N38,N68} || 1 || 20.566181 || 2.19e-03 || 2
{N3,N23} || 1 || 19.779400 || 3.03e-03 || 3
{N34,N72} || 1 || 19.674301 || 3.16e-03 || 1
{N13,N92} || 1 || 19.498196 || 3.40e-03 || 0
{N65,N75} || 1 || 19.320465 || 3.66e-03 || 1
{N46,N92} || 1 || 19.295782 || 3.69e-03 || 2
{N25,N39} || 1 || 19.160063 || 3.90e-03 || 3
{N47,N61} || 1 || 18.574356 || 4.95e-03 || 1
{N1,M0P6} || 1 || 18.238861 || 5.66e-03 || 0
{N3,N88} || 1 || 18.123863 || 5.93e-03 || 1
{N47,N53} || 1 || 17.674255 || 7.10e-03 || 0
{N13,N34} || 2 || 17.144032 || 8.77e-03 || 0
{N54,N90} || 1 || 16.794924 || 1.01e-02 || 0
{N92} || 15 || 9.160753 || 1.03e-02 || 0
{N43,N86} || 1 || 15.951734 || 1.40e-02 || 1
{N75} || 15 || 8.460725 || 1.45e-02 || 0
{N51,N83} || 1 || 15.804042 || 1.48e-02 || 0
{N50,N74} || 1 || 15.801900 || 1.49e-02 || 1
{N63,N74} || 1 || 15.588248 || 1.61e-02 || 0
{N35,N41} || 1 || 15.568954 || 1.63e-02 || 0
{N44,N47} || 2 || 15.554480 || 1.64e-02 || 0
{N1} || 13 || 8.084113 || 1.76e-02 || 0
{N81,N93} || 1 || 15.159637 || 1.91e-02 || 1
{N50,N70} || 1 || 15.146875 || 1.91e-02 || 1
{N72,N94} || 1 || 14.168294 || 2.78e-02 || 3
{N65,N69} || 1 || 13.350775 || 3.78e-02 || 0
{N68} || 9 || 6.301240 || 4.28e-02 || 0
{N60,N94} || 1 || 12.835882 || 4.57e-02 || 0
{N88} || 19 || 6.082247 || 4.78e-02 || 0

# Time of execution: 14325 milliseconds
### SMMB_ACO has finished please see results in: 
./smmb_aco/toy_example/toy_results/result_genotype_model1_2_01p_0005h_02m_001_smmb_aco.txt
Genotype file computed: ./data_simulated_from_class/gametes_datas/datas/repository/model1/model1_2_01p_0005h_02m/genotype_model1_2_01p_0005h_02m_035.csv
Phenotype file computed: ./data_simulated_from_class/gametes_datas/datas/repository/model1/model1_2_01p_0005h_02m/phenotype_model1_2_01p_0005h_02m_035.csv

### Parameters used for this run: 
Number of iterations in ACO: 10
Maximal number of iterations allowed to learn one Markov blanket: 30
Number of ants: 50
Evaporation rate: 0.05
Lambda parameter from ACO-PDF update function: 0.1
Alpha, used to ajust the relative importance between pheromone rate and a priori knowledge: 1
Beta, used to ajust the relative importance between pheromone rate and a priori knowledge: 1
Alpha type I error rate: 0.05
Number of snps sampled in each ant: 10
Size of the smallest subset: 3
Prefix of output files: result_
Path of output directory: ./smmb_aco/toy_example/toy_results/
Number of consecutive runs of SMMB-ACO: 1
Value to initiate evaporation rates: 100
### End of parameters

### Backtrace of SMMB_ACO run ###
Iteration #0
Tau vector
[100](100,100,100,100,100,100,100,100,100,100,100,100,100,100,100,100,100,100,100,100,100,100,100,100,100,100,100,100,100,100,100,100,100,100,100,100,100,100,100,100,100,100,100,100,100,100,100,100,100,100,100,100,100,100,100,100,100,100,100,100,100,100,100,100,100,100,100,100,100,100,100,100,100,100,100,100,100,100,100,100,100,100,100,100,100,100,100,100,100,100,100,100,100,100,100,100,100,100,100,100)
Iteration #1
Tau vector
[100](104.66,99.2068,98.6199,97.712,95,103.013,97.7047,97.79,95,95,106.707,106.544,101.301,95,95,103.659,95,96.6627,95,100.389,100.301,104.778,99.5725,103.664,105.389,98.3796,102.811,95,100.509,98.8761,98.4643,103.411,99.3153,103.125,95,103.896,97.1119,99.0224,109.301,95,100.794,95,101.156,97.8179,99.5954,100.007,95,98.2447,95,98.0452,102.408,101.711,97.5243,101.035,98.484,98.5707,98.9084,105.702,108.153,105.397,106.303,96.936,97.9813,100.004,96.7217,101.103,97.5335,100.952,100.097,97.448,101.979,98.0198,104.979,95,101.887,101.907,100.138,98.0995,95,95,95,95,99.0451,98.6741,103.052,98.6028,101.565,103.016,95,97.5402,97.3764,99.4812,95,100.395,98.7023,102.572,102.825,102.724,121.676,95)
Iteration #2
Tau vector
[100](105.346,102.268,95.6482,106.852,93.186,97.8621,97.3051,92.9005,93.5786,95.7105,110.336,115.448,115.733,90.25,95.3031,105.261,90.25,93.8172,96.5012,95.3694,97.2398,99.5393,94.5939,101.127,107.912,95.6531,102.314,95.2265,98.8647,97.0922,99.7352,98.2402,99.3487,100.726,93.3559,108.388,92.2563,98.2083,125.311,95.3572,105.754,90.25,98.9425,99.574,100.505,98.6989,95.769,93.3325,95.9401,97.3073,100.859,101.595,95.1077,97.1756,95.5975,94.8101,97.8257,102.538,107.714,101.187,104.362,92.0892,98.1071,97.1669,100.568,106.152,97.9627,100.425,98.0207,92.5756,96.8797,93.1188,105.072,93.5682,109.049,108.8,97.9116,95.4745,106,93.7992,97.5158,93.1495,96.2884,93.7404,114.821,93.6726,102.518,100.056,104.02,94.7272,95.7595,99.6669,90.25,100.43,93.7672,107.138,103.635,108.856,154.884,95.5356)
Iteration #3
Tau vector
[100](108.78,101.887,92.4445,106.136,91.9866,98.3172,94.9302,88.2554,88.8997,101.736,107.552,119.226,109.946,88.6784,102.911,104.76,85.7375,91.315,94.2712,93.8128,95.3211,97.4581,94.298,105.533,103.785,93.0823,99.9861,100.509,93.9214,100.073,103.332,97.6917,98.2124,98.4437,88.6881,112.548,87.6435,99.9753,124.529,93.146,105.256,94.8149,93.9954,104.723,95.4801,97.979,100.859,95.2564,93.0067,95.5193,95.816,99.6266,92.2533,94.8885,93.0765,92.2621,94.3516,97.4112,111.191,96.1278,115.168,90.6495,97.0857,95.7753,102.216,106.829,97.5894,98.2295,101.689,87.9468,97.4511,92.2349,110.002,88.8898,103.597,112.043,105.479,99.0755,113.53,91.2052,100.021,98.7709,91.4739,93.0554,119.056,88.989,97.3921,99.4387,104.052,92.8359,93.3477,102.134,85.7375,102.833,97.9708,106.404,101.485,108.939,200.552,95.0082)
Iteration #4
Tau vector
[100](110.991,99.3477,89.754,109.567,92.6523,100.33,95.7103,90.2885,84.4547,99.1146,106.16,113.265,107.009,84.2445,107.515,104.589,86.1355,88.3329,96.9025,94.1528,93.411,100.804,99.3883,104.221,98.5959,95.5193,98.3132,95.4838,92.772,97.4864,115.88,92.8071,96.8647,93.5215,84.2537,125.691,86.1927,94.9765,128.438,91.0587,108.223,90.0742,94.5938,103.103,94.4297,99.3198,107.101,94.9451,90.2517,93.8537,96.353,99.3404,87.6406,90.1441,90.0852,91.9952,93.0059,97.2561,116.962,94.4918,109.409,89.6801,102.424,94.7161,97.1048,107.073,96.509,107.96,101.55,85.8804,97.1017,87.6232,111.292,91.3803,103.52,106.441,106.254,98.4748,111.057,86.6449,96.4721,93.8323,86.9002,88.4026,113.103,94.9084,96.1795,100.235,103.217,88.1941,89.8645,111.777,88.5818,103.385,96.3997,105.44,112.676,118.08,242.316,95.2538)
Iteration #5
Tau vector
[100](113.002,94.3803,87.9023,120.544,93.8205,100.846,90.9248,89.152,80.232,103.909,103.488,116.472,105.196,84.6566,103.28,104.733,84.9669,85.057,92.0573,96.1072,92.61,95.7638,97.7585,102.041,96.6743,93.8356,99.3482,90.7096,94.6051,101.587,117.736,90.3841,101.493,88.8454,83.6132,124.198,89.6407,90.2277,140.656,86.5058,105.018,85.5705,92.1164,101.463,89.7082,96.0913,106.949,92.5911,85.7391,89.161,96.4324,94.3733,83.2586,87.3102,85.5809,93.9521,90.1415,101.463,113.001,89.7672,103.939,88.74,97.3027,95.6187,106.626,108.612,92.9083,112.631,96.4721,84.3745,100.9,86.8566,106.734,89.4677,100.661,114.658,103.928,96.5106,124.624,87.2019,98.32,92.2272,84.2337,88.8976,113.017,99.5101,93.3401,99.1707,108.786,83.7844,87.5513,112.568,91.3491,109.184,95.3873,100.168,114.518,116.197,337.068,90.4911)
Iteration #6
Tau vector
[100](114.556,94.3707,86.1567,121.71,89.1295,103.705,86.3785,89.7113,80.872,104.32,102.606,119.389,107.175,82.8352,103.724,99.4959,80.7186,86.6975,87.4545,98.4141,91.5043,96.991,95.9215,96.939,96.5081,89.1438,97.9056,100.431,89.8748,100.419,118.984,85.8649,99.5826,87.9321,79.4326,140.16,85.1587,85.7163,141.666,82.1805,99.7672,84.7497,90.5424,103.276,89.7597,93.8394,107.889,87.9615,88.3444,84.703,91.6108,91.2284,79.0956,86.8133,82.717,94.4457,85.6344,99.9803,114.649,87.175,104.448,87.322,95.0447,94.0158,112.539,110.856,92.9595,109.701,99.1758,80.1558,111.079,94.2727,103.7,87.2455,95.6276,108.925,104.892,92.9854,118.393,82.8418,103.94,94.2649,80.022,84.4527,118.405,94.5346,88.6731,96.3002,111.553,79.5951,87.5088,127.349,94.4058,112.161,99.7383,101.621,108.792,121.474,481.856,110.172)
Iteration #7
Tau vector
[100](114.299,91.1868,83.6035,128.815,88.6068,114.456,87.0754,88.0802,76.8284,99.1041,99.9244,122.825,108.248,78.6934,108.863,102.859,76.6827,87.2395,93.2608,95.94,89.2429,95.0142,95.2695,95.3645,94.7128,92.3254,93.0103,103.851,89.5771,98.24,114.812,81.5716,106.417,87.9624,75.4609,155.743,85.2214,86.0236,145.713,80.9538,107.524,86.0288,95.1545,102.58,92.7924,99.8951,109.287,85.9337,89.3903,80.4678,101.011,86.667,84.971,85.7355,81.044,95.238,81.3527,102.24,115.296,82.8162,103.535,82.9559,93.7563,91.4037,106.912,105.313,90.7152,114.043,100.543,76.148,109.716,92.8032,104.441,82.8832,90.8462,108.174,104.861,96.4139,118.667,78.6997,104.21,91.8409,84.1333,81.6497,127.085,89.8079,87.1606,91.4852,110.89,75.6154,83.1333,129.959,89.6855,106.553,98.8264,100.184,108.482,122.395,577.076,123.717)
Iteration #8
Tau vector
[100](108.585,92.2797,80.9702,137.039,84.1764,118.676,84.9369,83.6761,72.987,94.1489,102.032,125.391,102.835,75.8358,106.57,104.399,76.4345,86.2783,91.6422,100.971,87.7232,94.3953,90.506,97.044,91.8923,87.7091,88.3598,120.689,85.0983,104.814,114.878,77.493,111.11,83.5643,71.6879,167.793,89.1231,81.7224,142.962,79.3695,109.016,81.7274,91.5853,100.143,88.1528,97.5415,107.269,86.1033,87.7771,78.2589,101.916,89.2019,83.3554,83.5409,79.3947,93.5584,77.285,101.027,112.469,78.6754,104.861,81.8968,92.7282,89.7891,105.409,106.266,86.1794,115.464,99.0943,75.2321,113.064,91.3497,106.695,79.6171,89.4057,105.785,101.423,93.1884,126.761,80.4935,98.9997,87.2488,81.0973,80.7737,139.439,90.9797,98.6562,89.6922,109.146,74.4759,78.9766,133.687,85.2012,105.184,97.5046,97.2246,111.983,128.481,800.688,117.531)
Iteration #9
Tau vector
[100](105.047,94.3952,78.7368,138.652,79.9676,117.236,82.6778,79.4923,72.9927,94.9337,109.99,119.121,107.098,74.5624,101.242,106.89,74.0935,81.9644,91.024,102.864,88.1375,96.059,94.7756,92.1918,89.3071,83.3237,83.9418,121.748,83.3805,99.5731,109.134,76.4214,109.083,79.3861,86.0436,184.213,84.6669,91.84,145.617,77.5742,108.944,77.641,87.006,95.1363,86.4588,92.6644,113.001,84.3285,83.3882,77.2885,100.598,84.7418,82.0159,81.6118,85.0213,92.0733,73.4208,107.08,106.845,74.7416,99.6176,78.8691,88.0918,92.6883,101.613,104.249,81.8705,122.919,101.749,71.4705,120.929,92.8082,104.438,80.3945,84.9354,108.541,98.4266,93.4004,127.569,82.884,100.893,91.953,79.4191,76.735,137.738,96.3972,93.7234,88.0124,103.689,79.3915,75.0278,132.784,83.5685,104.632,92.6294,96.7182,110.157,139.412,1055.22,116.969)

# Result from SMMB-ACO 
# Pattern || Occurences || G2-score || p-value || unreliable case
{M0P5,M0P6} || 1 || 41.961449 || 1.87e-07 || 1
{N48,M0P5} || 1 || 41.743908 || 2.07e-07 || 0
{N54,M0P5} || 1 || 38.754486 || 8.00e-07 || 0
{M0P5} || 108 || 26.969910 || 1.39e-06 || 0
{N27,N73} || 1 || 21.390411 || 1.56e-03 || 0
{N46,N91} || 2 || 20.622574 || 2.14e-03 || 0
{N21,N38} || 1 || 19.196489 || 3.84e-03 || 0
{N1,N78} || 1 || 18.922333 || 4.30e-03 || 0
{N12,N58} || 1 || 18.321110 || 5.48e-03 || 0
{N12,N38} || 1 || 18.306192 || 5.51e-03 || 1
{N3,N77} || 1 || 17.420635 || 7.86e-03 || 0
{N12,N41} || 1 || 16.569971 || 1.10e-02 || 3
{N1,N60} || 1 || 15.823231 || 1.47e-02 || 0
{N44,N74} || 1 || 15.316351 || 1.79e-02 || 1
{N27,M0P6} || 1 || 15.126120 || 1.93e-02 || 0
{M0P6} || 12 || 7.714501 || 2.11e-02 || 0
{N84} || 13 || 7.578377 || 2.26e-02 || 0
{N3,N78} || 2 || 14.551185 || 2.40e-02 || 1
{N0,N77} || 1 || 14.298357 || 2.65e-02 || 1
{N70} || 11 || 7.036844 || 2.96e-02 || 0
{N37} || 6 || 6.957263 || 3.08e-02 || 0
{N91} || 9 || 6.948929 || 3.10e-02 || 0
{N35} || 20 || 6.599755 || 3.69e-02 || 1
{N38} || 11 || 6.242054 || 4.41e-02 || 0
{N27} || 5 || 6.076092 || 4.79e-02 || 0
{N11} || 9 || 6.060467 || 4.83e-02 || 0

# Time of execution: 14698 milliseconds
### SMMB_ACO has finished please see results in: 
./smmb_aco/toy_example/toy_results/result_genotype_model1_2_01p_0005h_02m_035_smmb_aco.txt
Genotype file computed: ./data_simulated_from_class/gametes_datas/datas/repository/model2/model2_3_01p_002h_05m/genotype_model2_3_01p_002h_05m_006.csv
Phenotype file computed: ./data_simulated_from_class/gametes_datas/datas/repository/model2/model2_3_01p_002h_05m/phenotype_model2_3_01p_002h_05m_006.csv

### Parameters used for this run: 
Number of iterations in ACO: 10
Maximal number of iterations allowed to learn one Markov blanket: 30
Number of ants: 50
Evaporation rate: 0.05
Lambda parameter from ACO-PDF update function: 0.1
Alpha, used to ajust the relative importance between pheromone rate and a priori knowledge: 1
Beta, used to ajust the relative importance between pheromone rate and a priori knowledge: 1
Alpha type I error rate: 0.05
Number of snps sampled in each ant: 10
Size of the smallest subset: 3
Prefix of output files: result_
Path of output directory: ./smmb_aco/toy_example/toy_results/
Number of consecutive runs of SMMB-ACO: 1
Value to initiate evaporation rates: 100
### End of parameters

### Backtrace of SMMB_ACO run ###
Iteration #0
Tau vector
[100](100,100,100,100,100,100,100,100,100,100,100,100,100,100,100,100,100,100,100,100,100,100,100,100,100,100,100,100,100,100,100,100,100,100,100,100,100,100,100,100,100,100,100,100,100,100,100,100,100,100,100,100,100,100,100,100,100,100,100,100,100,100,100,100,100,100,100,100,100,100,100,100,100,100,100,100,100,100,100,100,100,100,100,100,100,100,100,100,100,100,100,100,100,100,100,100,100,100,100,100)
Iteration #1
Tau vector
[100](95,101.565,100.356,95,111.717,95,95,98.0661,106.864,95,101.782,95,97.6469,100.276,97.1741,95,101.711,104.824,98.9583,97.6416,96.1855,99.8044,97.4207,100.661,97.5362,95,100.078,95,97.3794,102.106,98.1454,95,111.063,105.58,99.4696,97.1757,104.356,95,95,99.9899,99.8772,101.853,100.453,97.0313,103.758,98.2652,95,99.4397,95,110.231,100.444,95,95,95,105.26,97.0399,100.159,108.182,95,105.258,95,100.381,97.7244,98.0056,98.7878,100.275,107.733,105.139,102.231,103.32,95,98.5869,99.2766,95,115.193,103.878,97.2274,103.964,97.0313,98.1417,100.553,97.0132,98.3934,99.4069,99.9066,100.609,95,99.8612,114.701,98.2263,101.725,100.433,95,98.6847,109.426,99.5338,101.203,104.537,139.725,147.896)
Iteration #2
Tau vector
[100](93.3033,96.4866,97.9708,90.25,111.867,97.3062,93.3523,95.3582,104.153,97.2838,98.7707,108.623,92.7646,105.824,98.4131,93.1787,105.395,107.714,97.5262,95.0271,94.9465,94.8142,97.2154,99.3175,96.4636,90.25,104.327,93.2281,99.3132,108.725,96.726,96.6268,109.195,105.948,113.859,92.3169,101.772,90.25,100.455,94.9904,102.342,105.958,100.102,99.3572,103.824,93.3519,99.1828,94.4677,94.4803,110.372,99.6641,91.3691,93.7339,90.25,99.9966,97.53,99.373,105.643,94.3034,102.164,97.4963,98.9917,92.8382,96.286,100.482,95.2611,105.854,116.111,100.516,103.141,90.25,98.2329,95.8866,94.1031,115.522,107.227,92.366,105.212,94.3587,102.042,100.614,97.5104,98.8822,112.567,98.8788,95.579,90.25,99.1856,121.23,93.3149,99.2395,101.945,94.8948,95.3914,112.555,112.129,99.5138,105.195,303.273,409.445)
Iteration #3
Tau vector
[100](88.6381,98.0867,99.952,89.2152,106.274,92.4408,98.7194,94.2228,101.729,97.8459,95.3547,111.822,93.4247,103.787,100.79,88.5197,104.068,102.328,101.1,90.2757,93.3591,97.1387,94.9664,97.4869,95.1546,90.4435,108.139,95.7402,97.1601,114.612,102.912,91.7955,110.484,103.074,121.84,91.0331,102.893,88.5186,107.832,95.0979,97.2249,101.923,99.48,97.8115,98.6329,100.487,105.619,100.242,92.43,118.99,100.06,89.5177,89.0472,92.2898,103.803,96.3397,99.7057,112.329,89.5882,103.052,92.6215,97.625,90.3241,101.582,98.1083,92.5241,100.561,115.295,100.563,102.514,85.7375,102.738,91.0922,89.3979,122.282,101.865,91.2493,106.98,91.869,103.889,98.8165,92.6349,93.9381,106.938,95.909,93.107,90.921,97.3148,129.87,88.6492,94.2775,99.3074,97.699,92.1111,113.175,110.819,94.5381,104.268,544.181,984.44)
Iteration #4
Tau vector
[100](87.8339,93.1823,98.0402,84.7544,100.96,87.8188,97.2481,91.9966,99.0746,96.7738,90.587,106.231,93.537,100.944,100.868,84.0937,98.8651,97.2119,98.7263,85.7619,88.6911,95.0341,90.2181,92.6126,90.3968,85.9213,105.246,90.9532,98.9891,108.882,101.221,92.7659,111.127,101.319,120.786,89.562,100.179,89.6125,107.732,90.343,106.679,98.45,96.2285,100.12,93.7012,97.7876,102.904,97.3544,94.0602,117.754,108.054,88.2605,84.5949,91.5776,101.63,95.0817,98.8674,112.997,85.1088,97.8996,87.9904,98.6342,87.7667,103.533,95.9592,87.8979,98.3896,119.525,99.2626,99.2523,86.3739,103.772,89.6025,87.4455,136.973,100.692,92.1173,105.159,92.4267,101.941,97.0621,98.6887,91.7812,101.592,95.8843,91.734,89.5876,94.9523,128.402,89.8557,93.8755,96.9716,92.814,87.5055,117.2,113.54,91.8684,105.938,1400.63,2446.43)
Iteration #5
Tau vector
[100](86.9737,91.1793,93.1382,80.5167,99.7811,83.4279,96.7693,89.5392,96.7671,91.9351,86.0576,108.58,91.1114,95.8971,97.9008,83.3637,103.99,95.1384,93.79,86.1866,86.6706,90.2824,85.7072,90.9571,85.877,90.7448,104.32,86.4056,98.397,103.438,96.1597,88.1276,108.724,101.678,128.299,88.7319,98.3854,89.8482,106.296,87.9606,101.345,103.942,91.4171,95.1138,89.0162,95.6502,97.7589,94.9596,97.0091,122.836,108.221,90.4695,91.0597,91.2212,100.477,93.732,93.924,107.348,80.8533,93.0046,83.5909,93.7025,88.2626,101.397,91.1612,85.4367,98.8477,127.427,94.2995,94.2897,82.0552,102.512,93.9431,88.5672,130.124,95.6576,91.1506,99.9014,87.8054,96.8441,92.209,96.5053,87.1921,111.492,93.8822,91.2259,88.5719,90.2047,130.159,87.0342,89.1817,95.835,88.1733,85.6646,120.55,114.603,87.275,104.517,2633.26,4627.1)
Iteration #6
Tau vector
[100](84.4403,86.6203,90.3742,76.4909,97.4507,79.2565,91.9308,85.0622,94.575,90.9863,81.7547,107.075,86.5558,91.1023,94.4403,80.3995,98.7905,90.3814,89.1005,81.8773,82.337,85.7683,81.4218,86.4092,87.154,91.4402,99.1042,87.0382,93.4771,98.2659,101.715,83.7212,111.448,96.5937,140.518,87.3758,93.4661,91.4751,100.982,83.5626,96.2781,104.168,91.0127,92.5127,86.1199,94.2625,92.8709,90.2116,92.1586,128.278,102.81,85.946,86.5068,95.4052,95.4531,89.0454,93.989,110.442,76.8107,92.7417,79.4114,97.2319,83.8495,96.3267,86.6032,85.8171,93.9053,125.285,89.5845,91.4389,82.2197,97.3861,89.246,89.7217,123.618,90.8747,86.5931,98.4847,83.4151,93.3951,90.9642,94.431,82.8325,112.315,90.3823,91.9503,88.3194,85.6944,131.074,82.6825,84.7226,97.2033,83.7647,90.3242,114.523,108.873,87.0475,106.595,4504.94,7062.92)
Iteration #7
Tau vector
[100](80.2183,82.2893,85.8555,72.6663,94.9366,75.2936,92.0717,80.8091,92.4925,86.437,77.667,105.645,86.4375,90.0918,89.7183,76.3796,93.851,85.8624,86.5994,77.7834,78.2202,81.4799,79.6837,82.0888,82.7963,96.1932,98.2772,82.6863,88.8033,98.2417,96.6292,82.3801,105.875,91.764,140.269,83.007,88.7928,89.9609,95.9324,81.7205,99.0863,104.985,86.4621,87.8871,81.8139,92.3014,88.2274,85.701,87.5507,127.656,100.423,85.0063,82.1814,90.635,90.6804,90.8419,89.2895,114.226,72.9701,90.2982,75.4408,92.3703,79.657,95.4657,84.5689,81.5262,89.21,123.249,85.1053,88.7306,84.5088,96.2028,84.7837,87.2367,124.969,86.331,88.823,96.2169,79.2444,90.1495,86.416,89.7095,82.255,113.098,85.8632,89.895,88.0795,81.4097,124.521,78.5483,80.4865,92.3431,79.5764,90.2794,112.622,119.954,82.6951,101.265,6654.33,9725.44)
Iteration #8
Tau vector
[100](76.2074,81.3065,81.5627,69.033,90.1897,71.529,87.4682,76.7687,87.8679,85.7631,73.7836,100.363,82.1156,89.1318,85.2323,72.5606,92.9611,86.9585,82.2694,73.8943,74.3092,80.621,75.6995,80.9595,78.6565,91.3835,95.1848,78.552,84.3631,93.3296,91.7978,78.2611,100.581,87.1758,140.032,81.9373,84.3531,91.5821,91.1358,79.9704,97.943,102.748,86.3055,85.6474,77.7232,87.6863,83.816,89.2345,101.369,127.066,95.4014,82.4348,82.0334,86.1032,90.0744,89.4243,84.8251,108.515,69.3216,87.977,71.6688,92.5066,78.7369,90.6924,80.3405,82.1021,84.7495,121.315,80.85,84.2941,93.0834,98.7647,84.0748,82.8749,133.784,82.0145,87.6616,91.406,75.2821,85.642,82.0952,87.975,78.1423,113.841,81.57,87.9424,83.6755,77.3392,133.79,74.6209,76.4622,91.438,78.6397,90.2368,106.991,113.956,78.5603,100.189,8795.7,12220.4)
Iteration #9
Tau vector
[100](72.397,77.2412,77.4846,65.5814,85.6802,67.9525,83.0947,72.9302,83.4745,81.475,70.0945,95.3447,79.8858,88.2198,80.9707,68.9326,88.313,82.6106,80.1099,70.1995,70.5937,76.59,71.9145,82.8619,74.7237,91.4768,92.247,79.5773,80.1449,93.5522,90.6623,74.3481,100.13,82.817,153.359,77.8404,84.6325,90.0627,89.5147,78.3079,96.8568,97.6108,81.9902,83.5196,76.2119,83.302,79.6252,88.682,96.3005,126.504,90.6313,79.9919,81.8928,86.0206,89.4987,88.0775,80.5838,107.743,65.8555,83.5781,73.0825,87.8813,74.8,86.1577,80.9154,77.997,80.512,115.25,76.8075,83.8067,88.4293,97.5125,82.936,78.7311,127.095,77.9137,86.5583,89.4921,74.6405,84.2082,77.9904,83.5763,74.2352,108.149,77.4915,86.0874,87.8438,73.4723,150.221,70.8899,72.6391,90.5781,77.7499,85.7249,101.642,116.521,74.6323,95.1794,10832.9,14648.4)

# Result from SMMB-ACO 
# Pattern || Occurences || G2-score || p-value || unreliable case
{M0P16} || 213 || 128.037582 || 2.00e-16 || 0
{M0P15} || 140 || 100.433380 || 2.00e-16 || 0
{N88,M0P16} || 1 || 140.588852 || 2.00e-16 || 0
{N88,M0P15} || 1 || 109.567207 || 2.00e-16 || 0
{N42,M0P16} || 1 || 140.994751 || 2.00e-16 || 1
{N74,M0P16} || 1 || 136.687164 || 2.00e-16 || 1
{N49,M0P16} || 2 || 136.789429 || 2.00e-16 || 0
{N67,N75} || 1 || 18.870781 || 4.39e-03 || 0
{N74} || 6 || 10.466290 || 5.34e-03 || 0
{N43,N57} || 1 || 17.189260 || 8.61e-03 || 1
{N83} || 4 || 8.588225 || 1.36e-02 || 0
{N13,N55} || 1 || 15.743279 || 1.52e-02 || 1
{N49} || 4 || 8.214435 || 1.65e-02 || 0
{N46,N91} || 1 || 15.402514 || 1.73e-02 || 0
{N88} || 4 || 7.925652 || 1.90e-02 || 0
{N12,N97} || 1 || 15.147272 || 1.91e-02 || 1
{N95} || 5 || 7.697295 || 2.13e-02 || 0
{N41,N59} || 1 || 14.632425 || 2.33e-02 || 1
{N40,N48} || 1 || 13.714294 || 3.30e-02 || 1
{N67} || 4 || 6.606143 || 3.68e-02 || 0
{N25} || 1 || 6.189699 || 4.53e-02 || 0
{N32,N42} || 1 || 12.846842 || 4.55e-02 || 1

# Time of execution: 13278 milliseconds
### SMMB_ACO has finished please see results in: 
./smmb_aco/toy_example/toy_results/result_genotype_model2_3_01p_002h_05m_006_smmb_aco.txt
Genotype file computed: ./data_simulated_from_class/gametes_datas/datas/repository/model3/model3_3_01p_002h_05m/genotype_model3_3_01p_002h_05m_001.csv
Phenotype file computed: ./data_simulated_from_class/gametes_datas/datas/repository/model3/model3_3_01p_002h_05m/phenotype_model3_3_01p_002h_05m_001.csv

### Parameters used for this run: 
Number of iterations in ACO: 10
Maximal number of iterations allowed to learn one Markov blanket: 30
Number of ants: 50
Evaporation rate: 0.05
Lambda parameter from ACO-PDF update function: 0.1
Alpha, used to ajust the relative importance between pheromone rate and a priori knowledge: 1
Beta, used to ajust the relative importance between pheromone rate and a priori knowledge: 1
Alpha type I error rate: 0.05
Number of snps sampled in each ant: 10
Size of the smallest subset: 3
Prefix of output files: result_
Path of output directory: ./smmb_aco/toy_example/toy_results/
Number of consecutive runs of SMMB-ACO: 1
Value to initiate evaporation rates: 100
### End of parameters

### Backtrace of SMMB_ACO run ###
Iteration #0
Tau vector
[100](100,100,100,100,100,100,100,100,100,100,100,100,100,100,100,100,100,100,100,100,100,100,100,100,100,100,100,100,100,100,100,100,100,100,100,100,100,100,100,100,100,100,100,100,100,100,100,100,100,100,100,100,100,100,100,100,100,100,100,100,100,100,100,100,100,100,100,100,100,100,100,100,100,100,100,100,100,100,100,100,100,100,100,100,100,100,100,100,100,100,100,100,100,100,100,100,100,100,100,100)
Iteration #1
Tau vector
[100](102.875,99.033,95,95,97.1773,95,98.0762,103.819,95,95,102.134,96.9046,100.311,96.7194,95,99.2148,97.861,97.8896,97.5717,96.5777,101.649,102.226,104.553,98.2054,98.4585,99.1863,95,99.52,99.7682,103.219,101.448,108.646,98.1933,101.616,96.8178,104.282,100.22,95,105.289,98.0563,104.007,104.217,105.403,95,95,95,106.167,97.9485,100.739,100.148,99.2881,95,95,98.3865,96.8774,102.257,109.367,100.383,107.095,99.2751,105.442,95,100.761,97.8372,95,95,106.822,97.3424,95,101.75,95,101.824,101.034,95,95,106.25,103.938,101.514,103.953,98.6999,97.3126,108.336,95,97.2628,96.4824,95,109.852,100.333,100.686,104.5,95,99.0922,97.2935,98.8004,100.07,95,106.863,104.722,101.075,118.944)
Iteration #2
Tau vector
[100](107.362,98.799,90.25,93.9214,96.1121,95.6955,97.6548,98.6282,100.063,92.9026,104.833,99.3785,103.869,98.2878,127.427,103.5,97.5283,101.646,92.6932,99.1013,105.58,98.9913,103.165,106.044,97.8917,97.6308,90.25,99.1363,104.72,98.0582,98.7224,106.308,95.596,100.437,96.1299,101.832,98.5715,90.25,103.949,93.1535,98.8064,102.747,108.825,93.775,93.862,94.1049,100.859,96.16,98.173,95.1404,104.837,90.25,93.2376,93.4672,96.9647,99.8356,106.779,100.598,115.257,96.1324,100.17,97.0877,98.9816,100.25,94.1822,112.227,101.481,94.1453,93.3168,107.097,90.25,96.7331,98.495,93.8617,103.347,100.937,102.759,96.4386,103.91,96.7036,95.0038,120.526,91.6274,100.478,94.1393,90.25,112.924,95.316,99.2491,108.28,92.6052,101.572,93.5955,103.658,98.604,90.25,115.204,128.526,96.0208,159.157)
Iteration #3
Tau vector
[100](112.925,99.4561,88.9554,94.9779,91.3064,90.9107,105.502,93.6968,101.787,98.0746,106.201,98.9584,100.998,96.5676,150.056,103.43,92.6519,98.486,91.1512,103.088,105.25,97.5933,98.0068,105.156,99.3492,96.0402,95.2523,102.755,107.066,98.7199,96.1024,106.898,92.9731,99.877,94.3262,108.733,96.2163,88.0861,105.172,94.2794,93.8661,106.481,111.157,93.5846,89.1689,100.004,101.084,96.5378,97.6057,93.6972,107.464,90.3343,88.5757,88.7938,97.8858,94.8438,106.364,103.167,131.968,102.817,95.1613,96.5637,95.9037,95.2371,89.4731,127.009,96.4068,93.8868,90.6184,102.813,92.6488,95.1833,98.0757,89.1686,105.273,98.7026,114.993,91.6167,103.111,96.6999,95.6998,118.809,90.0648,95.4537,93.8561,90.692,107.278,95.1846,98.9296,112.573,89.989,107.012,90.1913,100.89,93.6738,88.9642,109.443,145.453,108.236,197.526)
Iteration #4
Tau vector
[100](110.625,94.4833,92.4417,92.973,94.1708,86.3652,103.716,89.012,103.974,93.1709,104.972,100.807,105.358,91.7392,170.004,106.861,100.753,98.3947,90.1759,102.184,104.095,94.5354,93.1065,110.164,99.6495,99.4293,90.4897,97.6175,105.425,93.7839,91.2973,118.206,89.8891,103.641,89.6099,105.821,99.6758,85.9331,105.737,90.79,90.929,101.157,110.621,88.9053,94.1077,100.962,118.856,91.7109,102.505,96.838,108.78,96.6049,86.5824,89.8747,92.9915,90.1016,104.793,98.0089,125.37,103.334,90.4032,95.0112,94.2728,90.4752,87.1034,152.245,91.5865,90.8433,89.1726,97.6723,88.0163,94.8377,99.468,94.9055,108.51,104.097,121.104,92.451,102.11,96.9214,95.1806,116.961,94.9768,93.6992,96.558,91.1791,105.474,90.4253,93.9831,115.88,85.4895,109.328,87.4029,102.222,99.1617,84.516,108.595,175.138,116,233.765)
Iteration #5
Tau vector
[100](106.779,93.5075,90.8222,90.4797,89.4623,82.9523,98.53,87.8526,107.877,90.8407,102.98,98.527,110.891,93.4593,169.178,101.518,107.584,96.2225,91.886,97.0745,102.111,91.8957,88.4512,107.115,96.7426,101.911,89.7574,94.6628,107.551,94.8483,89.0926,121.218,85.3947,101.503,91.4789,102.618,97.6793,83.8423,100.45,86.2505,89.8698,96.0992,118.414,86.8055,96.0591,107.308,123.807,87.1254,102.988,97.4104,105.605,102.657,82.2532,88.8797,88.3419,85.5965,115.007,95.0251,130.688,103.127,89.6707,108.876,90.5731,85.9515,86.9565,206.878,96.0657,91.5494,84.7139,103.374,83.6155,91.4495,97.3262,90.1602,106.047,105.159,131.316,92.6436,102.541,96.0581,90.4215,124.928,95.2272,94.5847,96.2178,101.74,100.2,87.2335,92.8682,110.086,81.215,113.73,83.0328,99.0658,94.2036,82.8475,105.853,172.807,121.455,383.782)
Iteration #6
Tau vector
[100](103.933,92.1142,86.2811,85.9557,87.7449,78.8047,99.5416,83.46,108.118,94.2753,109.336,96.116,112.975,88.7863,160.719,102.738,102.205,94.1546,90.7154,92.2208,97.0056,92.2112,86.8392,105.412,95.3675,102.834,91.6651,100.126,102.173,93.3224,84.638,115.157,83.3069,104.852,86.9049,106.402,92.7953,81.4771,95.4279,81.938,96.6578,91.2942,112.494,84.2966,100.034,107.562,142.97,91.877,102.336,92.5399,100.324,101.188,78.1406,92.1215,86.4016,89.7319,113.097,98.6226,148.84,108.605,96.5178,112.796,86.0445,87.2746,84.643,250.729,95.7403,89.9171,89.8115,100.857,79.4347,89.9064,97.1515,93.7943,112.324,102.297,128.722,96.0856,99.6427,94.0223,90.6319,118.682,91.592,95.6935,94.059,107.734,95.1899,82.8718,88.2248,112.956,79.833,108.044,82.4729,100.079,94.1566,78.7052,103.582,212.564,115.382,544.77)
Iteration #7
Tau vector
[100](98.7366,87.5085,81.967,81.6579,83.3576,74.8645,101.753,81.6533,106.149,91.074,113.336,94.3835,117.14,84.347,167.549,97.6008,98.9052,89.4469,94.7117,90.7,92.1553,87.6006,90.1084,103.28,98.3466,101.251,92.863,96.6073,102.521,96.2379,80.4061,109.399,79.1415,103.723,82.5597,106.502,91.7837,80.5679,90.6565,77.8411,93.3146,88.5021,108.97,84.3487,95.0323,109.702,141.769,90.2147,100.068,101.413,100.917,100.357,76.9252,98.8274,82.0815,85.2454,119.002,94.8669,168.039,107.039,91.6919,113.46,90.2566,84.6205,86.3339,310.931,90.9533,90.6941,93.8418,100.108,75.463,89.9014,92.294,94.5295,108.655,101.81,136.765,99.6618,94.6606,89.3212,92.278,117.386,92.8781,93.1535,99.4947,105.933,96.7069,85.5799,83.8136,107.308,78.4576,102.641,80.0114,95.0747,97.5867,74.7699,98.4029,246.528,151.91,891.085)
Iteration #8
Tau vector
[100](97.3002,89.634,77.8687,77.575,79.1897,74.2673,99.8968,84.5304,100.841,86.5203,111.009,98.4229,124.602,80.1296,189.311,95.4922,93.9599,84.9745,98.4831,90.0502,90.8009,83.2206,93.748,106.695,97.5314,99.9028,88.2198,91.777,103.224,91.426,76.3858,103.929,80.4504,98.5365,86.7136,106.258,87.1945,80.147,86.1237,73.949,88.6489,84.077,109.833,82.7953,97.9827,116.025,134.681,95.9394,98.5038,99.0199,99.2478,99.0397,77.481,93.886,80.2435,80.9831,113.052,96.1443,180.319,107.587,91.1852,110.449,89.911,85.8225,82.0172,372.114,89.9059,86.1594,89.1497,103.334,71.6898,91.3926,87.6793,95.1022,110.468,96.7199,143.685,100.592,89.9276,84.8551,87.6641,120.935,88.2341,94.3357,94.52,103.903,91.8715,81.3009,81.9977,111.812,76.6148,101.873,83.3317,94.841,94.8915,71.0314,93.4827,327.709,185.379,1454.8)
Iteration #9
Tau vector
[100](94.6374,85.1523,79.5773,76.8992,78.1043,70.5539,100.705,82.0318,95.7992,82.1943,105.458,98.2058,126.775,76.1231,213.981,94.0374,89.2619,80.7258,96.5559,85.5477,91.4203,79.0596,89.0606,104.61,92.6548,98.9106,83.8088,87.1881,101.384,90.5393,76.0753,98.7324,85.6474,104.314,88.7887,100.945,82.8348,79.3658,84.0961,73.377,90.5642,85.1553,106.896,78.6555,93.0836,116.331,153.44,91.1424,97.0727,94.0689,96.7583,94.0877,77.6707,94.1047,76.2313,83.1718,107.399,96.9888,190.824,112.991,86.6259,110.152,87.8502,81.5314,86.0421,453.389,85.4106,88.4708,84.6922,98.167,74.4925,86.8229,83.2953,97.4521,108.872,97.8595,144.98,102.283,88.4922,88.9482,83.2809,114.888,85.2906,93.8049,93.4442,98.7081,87.2779,79.0252,77.8979,111.546,72.784,99.7584,84.644,91.9862,91.9224,69.0573,92.4703,383.064,176.11,2245.14)

# Result from SMMB-ACO 
# Pattern || Occurences || G2-score || p-value || unreliable case
{M0P2,M0P3} || 5 || 70.735840 || 2.89e-13 || 0
{M0P1,M0P3} || 18 || 69.618546 || 4.90e-13 || 0
{M0P3} || 115 || 51.103409 || 8.00e-12 || 0
{N47,N65} || 1 || 35.727734 || 3.11e-06 || 2
{N65} || 27 || 20.335220 || 3.84e-05 || 0
{N94,M0P1} || 1 || 25.573549 || 2.67e-04 || 0
{N46,N65} || 1 || 25.097006 || 3.28e-04 || 1
{N58,M0P1} || 1 || 24.109280 || 4.99e-04 || 0
{M0P1} || 28 || 13.012426 || 1.49e-03 || 0
{N14} || 16 || 12.421721 || 2.01e-03 || 0
{N58,N81} || 1 || 19.256405 || 3.75e-03 || 0
{N45,N73} || 1 || 18.716393 || 4.67e-03 || 0
{N23,N57} || 1 || 18.581203 || 4.93e-03 || 0
{M0P2} || 13 || 9.830490 || 7.33e-03 || 0
{N58} || 14 || 9.816795 || 7.38e-03 || 0
{N38,N49} || 1 || 16.289013 || 1.23e-02 || 3
{N46} || 8 || 8.742465 || 1.26e-02 || 0
{N12,N20} || 1 || 16.177109 || 1.28e-02 || 3
{N18,N28} || 1 || 16.101597 || 1.32e-02 || 0
{N46,N58} || 1 || 16.091906 || 1.33e-02 || 0
{N70} || 1 || 8.479961 || 1.44e-02 || 0
{N1,N11} || 1 || 15.157941 || 1.91e-02 || 0
{N12,N33} || 1 || 14.825419 || 2.17e-02 || 1
{N10,N26} || 1 || 13.831451 || 3.16e-02 || 1
{N31,N96} || 1 || 13.448686 || 3.64e-02 || 1
{N60,N96} || 1 || 12.995907 || 4.31e-02 || 3
{N81} || 8 || 6.252389 || 4.39e-02 || 0

# Time of execution: 14752 milliseconds
### SMMB_ACO has finished please see results in: 
./smmb_aco/toy_example/toy_results/result_genotype_model3_3_01p_002h_05m_001_smmb_aco.txt
